{"meta": {"format": 3, "version": "7.13.5", "timestamp": "2026-03-18T05:53:36.669545", "branch_coverage": false, "show_contexts": false}, "files": {"auto_daily_report.py": {"executed_lines": [], "summary": {"covered_lines": 0, "num_statements": 273, "percent_covered": 0.0, "percent_covered_display": "0", "missing_lines": 273, "excluded_lines": 0, "percent_statements_covered": 0.0, "percent_statements_covered_display": "0"}, "missing_lines": [9, 10, 11, 12, 13, 14, 15, 16, 17, 18, 21, 22, 23, 24, 27, 35, 37, 38, 40, 41, 43, 45, 63, 64, 65, 66, 68, 69, 70, 71, 74, 75, 76, 77, 78, 80, 82, 83, 84, 85, 86, 87, 88, 90, 92, 93, 95, 96, 97, 98, 99, 101, 102, 107, 108, 110, 111, 112, 115, 117, 118, 121, 122, 123, 125, 127, 128, 129, 131, 133, 134, 136, 137, 138, 139, 140, 141, 142, 143, 144, 149, 150, 152, 155, 157, 158, 159, 161, 163, 164, 165, 167, 169, 170, 173, 174, 175, 178, 179, 180, 181, 184, 185, 186, 187, 189, 192, 193, 194, 195, 196, 197, 198, 200, 201, 202, 204, 205, 206, 207, 209, 211, 213, 214, 216, 218, 219, 220, 222, 224, 225, 228, 232, 233, 234, 235, 237, 238, 239, 241, 242, 243, 245, 247, 248, 250, 251, 253, 254, 255, 256, 258, 259, 260, 262, 263, 264, 266, 268, 270, 274, 275, 276, 278, 279, 281, 282, 285, 287, 288, 290, 291, 292, 294, 296, 297, 298, 301, 302, 303, 306, 307, 308, 311, 312, 313, 315, 316, 317, 319, 320, 321, 323, 325, 326, 328, 330, 332, 333, 334, 335, 337, 343, 344, 345, 347, 348, 349, 351, 353, 355, 358, 359, 360, 361, 362, 364, 365, 366, 368, 369, 370, 371, 373, 376, 380, 381, 382, 384, 385, 387, 388, 389, 391, 393, 395, 397, 398, 399, 400, 401, 402, 403, 404, 405, 406, 407, 408, 409, 411, 413, 415, 416, 418, 420, 422, 424, 425, 426, 428, 430, 432, 433, 436, 437, 439, 441, 442, 445, 446, 449, 451, 452], "excluded_lines": [], "functions": {"AutoReportSystem.__init__": {"executed_lines": [], "summary": {"covered_lines": 0, "num_statements": 2, "percent_covered": 0.0, "percent_covered_display": "0", "missing_lines": 2, "excluded_lines": 0, "percent_statements_covered": 0.0, "percent_statements_covered_display": "0"}, "missing_lines": [40, 41], "excluded_lines": [], "start_line": 38}, "AutoReportSystem.load_config": {"executed_lines": [], "summary": {"covered_lines": 0, "num_statements": 14, "percent_covered": 0.0, "percent_covered_display": "0", "missing_lines": 14, "excluded_lines": 0, "percent_statements_covered": 0.0, "percent_statements_covered_display": "0"}, "missing_lines": [45, 63, 64, 65, 66, 68, 69, 70, 71, 74, 75, 76, 77, 78], "excluded_lines": [], "start_line": 43}, "AutoReportSystem.save_config": {"executed_lines": [], "summary": {"covered_lines": 0, "num_statements": 7, "percent_covered": 0.0, "percent_covered_display": "0", "missing_lines": 7, "excluded_lines": 0, "percent_statements_covered": 0.0, "percent_statements_covered_display": "0"}, "missing_lines": [82, 83, 84, 85, 86, 87, 88], "excluded_lines": [], "start_line": 80}, "AutoReportSystem.find_wechat_main_process": {"executed_lines": [], "summary": {"covered_lines": 0, "num_statements": 24, "percent_covered": 0.0, "percent_covered_display": "0", "missing_lines": 24, "excluded_lines": 0, "percent_statements_covered": 0.0, "percent_statements_covered_display": "0"}, "missing_lines": [92, 93, 95, 96, 97, 98, 99, 101, 102, 107, 108, 110, 111, 112, 115, 117, 118, 121, 122, 123, 125, 127, 128, 129], "excluded_lines": [], "start_line": 90}, "AutoReportSystem.find_wechat_windows": {"executed_lines": [], "summary": {"covered_lines": 0, "num_statements": 13, "percent_covered": 0.0, "percent_covered_display": "0", "missing_lines": 13, "excluded_lines": 0, "percent_statements_covered": 0.0, "percent_statements_covered_display": "0"}, "missing_lines": [133, 134, 136, 137, 152, 155, 157, 158, 159, 161, 163, 164, 165], "excluded_lines": [], "start_line": 131}, "AutoReportSystem.find_wechat_windows.enum_windows_callback": {"executed_lines": [], "summary": {"covered_lines": 0, "num_statements": 9, "percent_covered": 0.0, "percent_covered_display": "0", "missing_lines": 9, "excluded_lines": 0, "percent_statements_covered": 0.0, "percent_statements_covered_display": "0"}, "missing_lines": [138, 139, 140, 141, 142, 143, 144, 149, 150], "excluded_lines": [], "start_line": 137}, "AutoReportSystem.update_target_windows": {"executed_lines": [], "summary": {"covered_lines": 0, "num_statements": 36, "percent_covered": 0.0, "percent_covered_display": "0", "missing_lines": 36, "excluded_lines": 0, "percent_statements_covered": 0.0, "percent_statements_covered_display": "0"}, "missing_lines": [169, 170, 173, 174, 175, 178, 179, 180, 181, 184, 185, 186, 187, 189, 192, 193, 194, 195, 196, 197, 198, 200, 201, 202, 204, 205, 206, 207, 209, 211, 213, 214, 216, 218, 219, 220], "excluded_lines": [], "start_line": 167}, "AutoReportSystem.run_storage_statistics": {"executed_lines": [], "summary": {"covered_lines": 0, "num_statements": 13, "percent_covered": 0.0, "percent_covered_display": "0", "missing_lines": 13, "excluded_lines": 0, "percent_statements_covered": 0.0, "percent_statements_covered_display": "0"}, "missing_lines": [224, 225, 228, 232, 233, 234, 235, 237, 238, 239, 241, 242, 243], "excluded_lines": [], "start_line": 222}, "AutoReportSystem.send_reports_to_groups": {"executed_lines": [], "summary": {"covered_lines": 0, "num_statements": 30, "percent_covered": 0.0, "percent_covered_display": "0", "missing_lines": 30, "excluded_lines": 0, "percent_statements_covered": 0.0, "percent_statements_covered_display": "0"}, "missing_lines": [247, 248, 250, 251, 253, 254, 255, 256, 258, 259, 260, 262, 263, 264, 266, 268, 270, 274, 275, 276, 278, 279, 281, 282, 285, 287, 288, 290, 291, 292], "excluded_lines": [], "start_line": 245}, "AutoReportSystem.run_full_automation": {"executed_lines": [], "summary": {"covered_lines": 0, "num_statements": 18, "percent_covered": 0.0, "percent_covered_display": "0", "missing_lines": 18, "excluded_lines": 0, "percent_statements_covered": 0.0, "percent_statements_covered_display": "0"}, "missing_lines": [296, 297, 298, 301, 302, 303, 306, 307, 308, 311, 312, 313, 315, 316, 317, 319, 320, 321], "excluded_lines": [], "start_line": 294}, "AutoReportSystem.show_config": {"executed_lines": [], "summary": {"covered_lines": 0, "num_statements": 2, "percent_covered": 0.0, "percent_covered_display": "0", "missing_lines": 2, "excluded_lines": 0, "percent_statements_covered": 0.0, "percent_statements_covered_display": "0"}, "missing_lines": [325, 326], "excluded_lines": [], "start_line": 323}, "AutoReportSystem.add_group": {"executed_lines": [], "summary": {"covered_lines": 0, "num_statements": 12, "percent_covered": 0.0, "percent_covered_display": "0", "missing_lines": 12, "excluded_lines": 0, "percent_statements_covered": 0.0, "percent_statements_covered_display": "0"}, "missing_lines": [330, 332, 333, 334, 335, 337, 343, 344, 345, 347, 348, 349], "excluded_lines": [], "start_line": 328}, "AutoReportSystem.test_send_to_group": {"executed_lines": [], "summary": {"covered_lines": 0, "num_statements": 24, "percent_covered": 0.0, "percent_covered_display": "0", "missing_lines": 24, "excluded_lines": 0, "percent_statements_covered": 0.0, "percent_statements_covered_display": "0"}, "missing_lines": [353, 355, 358, 359, 360, 361, 362, 364, 365, 366, 368, 369, 370, 371, 373, 376, 380, 381, 382, 384, 385, 387, 388, 389], "excluded_lines": [], "start_line": 351}, "main": {"executed_lines": [], "summary": {"covered_lines": 0, "num_statements": 37, "percent_covered": 0.0, "percent_covered_display": "0", "missing_lines": 37, "excluded_lines": 0, "percent_statements_covered": 0.0, "percent_statements_covered_display": "0"}, "missing_lines": [393, 395, 397, 398, 399, 400, 401, 402, 403, 404, 405, 406, 407, 408, 409, 411, 413, 415, 416, 418, 420, 422, 424, 425, 426, 428, 430, 432, 433, 436, 437, 439, 441, 442, 445, 446, 449], "excluded_lines": [], "start_line": 391}, "": {"executed_lines": [], "summary": {"covered_lines": 0, "num_statements": 32, "percent_covered": 0.0, "percent_covered_display": "0", "missing_lines": 32, "excluded_lines": 0, "percent_statements_covered": 0.0, "percent_statements_covered_display": "0"}, "missing_lines": [9, 10, 11, 12, 13, 14, 15, 16, 17, 18, 21, 22, 23, 24, 27, 35, 37, 38, 43, 80, 90, 131, 167, 222, 245, 294, 323, 328, 351, 391, 451, 452], "excluded_lines": [], "start_line": 1}}, "classes": {"AutoReportSystem": {"executed_lines": [], "summary": {"covered_lines": 0, "num_statements": 204, "percent_covered": 0.0, "percent_covered_display": "0", "missing_lines": 204, "excluded_lines": 0, "percent_statements_covered": 0.0, "percent_statements_covered_display": "0"}, "missing_lines": [40, 41, 45, 63, 64, 65, 66, 68, 69, 70, 71, 74, 75, 76, 77, 78, 82, 83, 84, 85, 86, 87, 88, 92, 93, 95, 96, 97, 98, 99, 101, 102, 107, 108, 110, 111, 112, 115, 117, 118, 121, 122, 123, 125, 127, 128, 129, 133, 134, 136, 137, 138, 139, 140, 141, 142, 143, 144, 149, 150, 152, 155, 157, 158, 159, 161, 163, 164, 165, 169, 170, 173, 174, 175, 178, 179, 180, 181, 184, 185, 186, 187, 189, 192, 193, 194, 195, 196, 197, 198, 200, 201, 202, 204, 205, 206, 207, 209, 211, 213, 214, 216, 218, 219, 220, 224, 225, 228, 232, 233, 234, 235, 237, 238, 239, 241, 242, 243, 247, 248, 250, 251, 253, 254, 255, 256, 258, 259, 260, 262, 263, 264, 266, 268, 270, 274, 275, 276, 278, 279, 281, 282, 285, 287, 288, 290, 291, 292, 296, 297, 298, 301, 302, 303, 306, 307, 308, 311, 312, 313, 315, 316, 317, 319, 320, 321, 325, 326, 330, 332, 333, 334, 335, 337, 343, 344, 345, 347, 348, 349, 353, 355, 358, 359, 360, 361, 362, 364, 365, 366, 368, 369, 370, 371, 373, 376, 380, 381, 382, 384, 385, 387, 388, 389], "excluded_lines": [], "start_line": 37}, "": {"executed_lines": [], "summary": {"covered_lines": 0, "num_statements": 69, "percent_covered": 0.0, "percent_covered_display": "0", "missing_lines": 69, "excluded_lines": 0, "percent_statements_covered": 0.0, "percent_statements_covered_display": "0"}, "missing_lines": [9, 10, 11, 12, 13, 14, 15, 16, 17, 18, 21, 22, 23, 24, 27, 35, 37, 38, 43, 80, 90, 131, 167, 222, 245, 294, 323, 328, 351, 391, 393, 395, 397, 398, 399, 400, 401, 402, 403, 404, 405, 406, 407, 408, 409, 411, 413, 415, 416, 418, 420, 422, 424, 425, 426, 428, 430, 432, 433, 436, 437, 439, 441, 442, 445, 446, 449, 451, 452], "excluded_lines": [], "start_line": 1}}}, "auto_daily_report_v2.py": {"executed_lines": [], "summary": {"covered_lines": 0, "num_statements": 290, "percent_covered": 0.0, "percent_covered_display": "0", "missing_lines": 290, "excluded_lines": 0, "percent_statements_covered": 0.0, "percent_statements_covered_display": "0"}, "missing_lines": [9, 10, 11, 12, 13, 14, 15, 16, 19, 20, 21, 24, 25, 28, 29, 30, 31, 34, 42, 44, 45, 47, 48, 49, 50, 52, 55, 97, 98, 99, 100, 103, 104, 105, 108, 109, 112, 113, 115, 116, 117, 119, 121, 122, 125, 128, 131, 132, 135, 136, 137, 138, 141, 142, 144, 146, 147, 148, 150, 152, 153, 154, 155, 156, 158, 160, 161, 163, 165, 166, 167, 168, 169, 170, 171, 173, 175, 176, 178, 180, 181, 182, 183, 185, 187, 188, 190, 191, 192, 194, 196, 198, 199, 201, 202, 203, 205, 206, 208, 209, 210, 212, 214, 216, 217, 218, 219, 222, 223, 224, 225, 226, 229, 230, 231, 232, 234, 235, 237, 238, 239, 241, 243, 244, 247, 248, 249, 251, 256, 257, 258, 259, 260, 262, 263, 264, 266, 267, 268, 270, 272, 273, 276, 277, 278, 279, 282, 283, 285, 286, 289, 290, 292, 293, 294, 296, 297, 298, 300, 302, 303, 304, 305, 307, 308, 310, 311, 312, 313, 314, 316, 319, 321, 322, 325, 326, 328, 329, 331, 332, 333, 335, 337, 338, 339, 341, 342, 343, 345, 346, 348, 349, 350, 352, 354, 355, 356, 359, 360, 361, 364, 365, 366, 369, 370, 371, 373, 374, 375, 377, 378, 379, 382, 384, 386, 387, 388, 389, 390, 391, 392, 393, 395, 396, 398, 399, 401, 403, 404, 406, 408, 409, 411, 412, 413, 415, 416, 418, 419, 420, 421, 423, 425, 426, 428, 429, 430, 432, 434, 435, 437, 438, 440, 441, 442, 443, 445, 446, 447, 449, 451, 453, 454, 455, 457, 460, 462, 464, 465, 468, 469, 471, 473, 475, 477, 478, 480, 482, 484, 486, 488, 490, 491, 493, 495, 496, 497, 500, 503, 504], "excluded_lines": [], "functions": {"AutoReportSystemV2.__init__": {"executed_lines": [], "summary": {"covered_lines": 0, "num_statements": 4, "percent_covered": 0.0, "percent_covered_display": "0", "missing_lines": 4, "excluded_lines": 0, "percent_statements_covered": 0.0, "percent_statements_covered_display": "0"}, "missing_lines": [47, 48, 49, 50], "excluded_lines": [], "start_line": 45}, "AutoReportSystemV2.load_config": {"executed_lines": [], "summary": {"covered_lines": 0, "num_statements": 15, "percent_covered": 0.0, "percent_covered_display": "0", "missing_lines": 15, "excluded_lines": 0, "percent_statements_covered": 0.0, "percent_statements_covered_display": "0"}, "missing_lines": [55, 97, 98, 99, 100, 103, 104, 105, 108, 109, 112, 113, 115, 116, 117], "excluded_lines": [], "start_line": 52}, "AutoReportSystemV2._migrate_legacy_config": {"executed_lines": [], "summary": {"covered_lines": 0, "num_statements": 16, "percent_covered": 0.0, "percent_covered_display": "0", "missing_lines": 16, "excluded_lines": 0, "percent_statements_covered": 0.0, "percent_statements_covered_display": "0"}, "missing_lines": [121, 122, 125, 128, 131, 132, 135, 136, 137, 138, 141, 142, 144, 146, 147, 148], "excluded_lines": [], "start_line": 119}, "AutoReportSystemV2._merge_config": {"executed_lines": [], "summary": {"covered_lines": 0, "num_statements": 3, "percent_covered": 0.0, "percent_covered_display": "0", "missing_lines": 3, "excluded_lines": 0, "percent_statements_covered": 0.0, "percent_statements_covered_display": "0"}, "missing_lines": [152, 160, 161], "excluded_lines": [], "start_line": 150}, "AutoReportSystemV2._merge_config.deep_merge": {"executed_lines": [], "summary": {"covered_lines": 0, "num_statements": 5, "percent_covered": 0.0, "percent_covered_display": "0", "missing_lines": 5, "excluded_lines": 0, "percent_statements_covered": 0.0, "percent_statements_covered_display": "0"}, "missing_lines": [153, 154, 155, 156, 158], "excluded_lines": [], "start_line": 152}, "AutoReportSystemV2.save_config": {"executed_lines": [], "summary": {"covered_lines": 0, "num_statements": 7, "percent_covered": 0.0, "percent_covered_display": "0", "missing_lines": 7, "excluded_lines": 0, "percent_statements_covered": 0.0, "percent_statements_covered_display": "0"}, "missing_lines": [165, 166, 167, 168, 169, 170, 171], "excluded_lines": [], "start_line": 163}, "AutoReportSystemV2.initialize_senders": {"executed_lines": [], "summary": {"covered_lines": 0, "num_statements": 25, "percent_covered": 0.0, "percent_covered_display": "0", "missing_lines": 25, "excluded_lines": 0, "percent_statements_covered": 0.0, "percent_statements_covered_display": "0"}, "missing_lines": [175, 176, 178, 180, 181, 182, 183, 185, 187, 188, 190, 191, 192, 194, 196, 198, 199, 201, 202, 203, 205, 206, 208, 209, 210], "excluded_lines": [], "start_line": 173}, "AutoReportSystemV2.select_best_sender": {"executed_lines": [], "summary": {"covered_lines": 0, "num_statements": 19, "percent_covered": 0.0, "percent_covered_display": "0", "missing_lines": 19, "excluded_lines": 0, "percent_statements_covered": 0.0, "percent_statements_covered_display": "0"}, "missing_lines": [214, 216, 217, 218, 219, 222, 223, 224, 225, 226, 229, 230, 231, 232, 234, 235, 237, 238, 239], "excluded_lines": [], "start_line": 212}, "AutoReportSystemV2.run_storage_statistics": {"executed_lines": [], "summary": {"covered_lines": 0, "num_statements": 17, "percent_covered": 0.0, "percent_covered_display": "0", "missing_lines": 17, "excluded_lines": 0, "percent_statements_covered": 0.0, "percent_statements_covered_display": "0"}, "missing_lines": [243, 244, 247, 248, 249, 251, 256, 257, 258, 259, 260, 262, 263, 264, 266, 267, 268], "excluded_lines": [], "start_line": 241}, "AutoReportSystemV2.send_reports_with_fallback": {"executed_lines": [], "summary": {"covered_lines": 0, "num_statements": 41, "percent_covered": 0.0, "percent_covered_display": "0", "missing_lines": 41, "excluded_lines": 0, "percent_statements_covered": 0.0, "percent_statements_covered_display": "0"}, "missing_lines": [272, 273, 276, 277, 278, 279, 282, 283, 285, 286, 289, 290, 292, 293, 294, 296, 297, 298, 300, 302, 303, 304, 305, 307, 308, 310, 311, 312, 313, 314, 316, 319, 321, 322, 325, 326, 328, 329, 331, 332, 333], "excluded_lines": [], "start_line": 270}, "AutoReportSystemV2._find_latest_report": {"executed_lines": [], "summary": {"covered_lines": 0, "num_statements": 11, "percent_covered": 0.0, "percent_covered_display": "0", "missing_lines": 11, "excluded_lines": 0, "percent_statements_covered": 0.0, "percent_statements_covered_display": "0"}, "missing_lines": [337, 338, 339, 341, 342, 343, 345, 346, 348, 349, 350], "excluded_lines": [], "start_line": 335}, "AutoReportSystemV2.run_full_automation": {"executed_lines": [], "summary": {"covered_lines": 0, "num_statements": 19, "percent_covered": 0.0, "percent_covered_display": "0", "missing_lines": 19, "excluded_lines": 0, "percent_statements_covered": 0.0, "percent_statements_covered_display": "0"}, "missing_lines": [354, 355, 356, 359, 360, 361, 364, 365, 366, 369, 370, 371, 373, 374, 375, 377, 378, 379, 382], "excluded_lines": [], "start_line": 352}, "AutoReportSystemV2.cleanup": {"executed_lines": [], "summary": {"covered_lines": 0, "num_statements": 12, "percent_covered": 0.0, "percent_covered_display": "0", "missing_lines": 12, "excluded_lines": 0, "percent_statements_covered": 0.0, "percent_statements_covered_display": "0"}, "missing_lines": [386, 387, 388, 389, 390, 391, 392, 393, 395, 396, 398, 399], "excluded_lines": [], "start_line": 384}, "AutoReportSystemV2.show_config": {"executed_lines": [], "summary": {"covered_lines": 0, "num_statements": 2, "percent_covered": 0.0, "percent_covered_display": "0", "missing_lines": 2, "excluded_lines": 0, "percent_statements_covered": 0.0, "percent_statements_covered_display": "0"}, "missing_lines": [403, 404], "excluded_lines": [], "start_line": 401}, "AutoReportSystemV2.show_senders_status": {"executed_lines": [], "summary": {"covered_lines": 0, "num_statements": 11, "percent_covered": 0.0, "percent_covered_display": "0", "missing_lines": 11, "excluded_lines": 0, "percent_statements_covered": 0.0, "percent_statements_covered_display": "0"}, "missing_lines": [408, 409, 411, 412, 413, 415, 416, 418, 419, 420, 421], "excluded_lines": [], "start_line": 406}, "AutoReportSystemV2.test_senders": {"executed_lines": [], "summary": {"covered_lines": 0, "num_statements": 23, "percent_covered": 0.0, "percent_covered_display": "0", "missing_lines": 23, "excluded_lines": 0, "percent_statements_covered": 0.0, "percent_statements_covered_display": "0"}, "missing_lines": [425, 426, 428, 429, 430, 432, 434, 435, 437, 438, 440, 441, 442, 443, 445, 446, 447, 449, 451, 453, 454, 455, 457], "excluded_lines": [], "start_line": 423}, "main": {"executed_lines": [], "summary": {"covered_lines": 0, "num_statements": 22, "percent_covered": 0.0, "percent_covered_display": "0", "missing_lines": 22, "excluded_lines": 0, "percent_statements_covered": 0.0, "percent_statements_covered_display": "0"}, "missing_lines": [462, 464, 465, 468, 469, 471, 473, 475, 477, 478, 480, 482, 484, 486, 488, 490, 491, 493, 495, 496, 497, 500], "excluded_lines": [], "start_line": 460}, "": {"executed_lines": [], "summary": {"covered_lines": 0, "num_statements": 38, "percent_covered": 0.0, "percent_covered_display": "0", "missing_lines": 38, "excluded_lines": 0, "percent_statements_covered": 0.0, "percent_statements_covered_display": "0"}, "missing_lines": [9, 10, 11, 12, 13, 14, 15, 16, 19, 20, 21, 24, 25, 28, 29, 30, 31, 34, 42, 44, 45, 52, 119, 150, 163, 173, 212, 241, 270, 335, 352, 384, 401, 406, 423, 460, 503, 504], "excluded_lines": [], "start_line": 1}}, "classes": {"AutoReportSystemV2": {"executed_lines": [], "summary": {"covered_lines": 0, "num_statements": 230, "percent_covered": 0.0, "percent_covered_display": "0", "missing_lines": 230, "excluded_lines": 0, "percent_statements_covered": 0.0, "percent_statements_covered_display": "0"}, "missing_lines": [47, 48, 49, 50, 55, 97, 98, 99, 100, 103, 104, 105, 108, 109, 112, 113, 115, 116, 117, 121, 122, 125, 128, 131, 132, 135, 136, 137, 138, 141, 142, 144, 146, 147, 148, 152, 153, 154, 155, 156, 158, 160, 161, 165, 166, 167, 168, 169, 170, 171, 175, 176, 178, 180, 181, 182, 183, 185, 187, 188, 190, 191, 192, 194, 196, 198, 199, 201, 202, 203, 205, 206, 208, 209, 210, 214, 216, 217, 218, 219, 222, 223, 224, 225, 226, 229, 230, 231, 232, 234, 235, 237, 238, 239, 243, 244, 247, 248, 249, 251, 256, 257, 258, 259, 260, 262, 263, 264, 266, 267, 268, 272, 273, 276, 277, 278, 279, 282, 283, 285, 286, 289, 290, 292, 293, 294, 296, 297, 298, 300, 302, 303, 304, 305, 307, 308, 310, 311, 312, 313, 314, 316, 319, 321, 322, 325, 326, 328, 329, 331, 332, 333, 337, 338, 339, 341, 342, 343, 345, 346, 348, 349, 350, 354, 355, 356, 359, 360, 361, 364, 365, 366, 369, 370, 371, 373, 374, 375, 377, 378, 379, 382, 386, 387, 388, 389, 390, 391, 392, 393, 395, 396, 398, 399, 403, 404, 408, 409, 411, 412, 413, 415, 416, 418, 419, 420, 421, 425, 426, 428, 429, 430, 432, 434, 435, 437, 438, 440, 441, 442, 443, 445, 446, 447, 449, 451, 453, 454, 455, 457], "excluded_lines": [], "start_line": 44}, "": {"executed_lines": [], "summary": {"covered_lines": 0, "num_statements": 60, "percent_covered": 0.0, "percent_covered_display": "0", "missing_lines": 60, "excluded_lines": 0, "percent_statements_covered": 0.0, "percent_statements_covered_display": "0"}, "missing_lines": [9, 10, 11, 12, 13, 14, 15, 16, 19, 20, 21, 24, 25, 28, 29, 30, 31, 34, 42, 44, 45, 52, 119, 150, 163, 173, 212, 241, 270, 335, 352, 384, 401, 406, 423, 460, 462, 464, 465, 468, 469, 471, 473, 475, 477, 478, 480, 482, 484, 486, 488, 490, 491, 493, 495, 496, 497, 500, 503, 504], "excluded_lines": [], "start_line": 1}}}, "auto_recovery_config.py": {"executed_lines": [], "summary": {"covered_lines": 0, "num_statements": 94, "percent_covered": 0.0, "percent_covered_display": "0", "missing_lines": 94, "excluded_lines": 0, "percent_statements_covered": 0.0, "percent_statements_covered_display": "0"}, "missing_lines": [7, 8, 9, 10, 11, 13, 15, 18, 19, 20, 21, 23, 25, 26, 27, 28, 29, 30, 31, 32, 33, 35, 37, 63, 65, 67, 68, 69, 70, 71, 72, 73, 75, 77, 79, 80, 81, 82, 83, 84, 85, 88, 89, 90, 91, 92, 93, 95, 97, 99, 102, 103, 104, 106, 109, 111, 112, 113, 114, 115, 116, 117, 118, 119, 121, 123, 129, 130, 132, 133, 135, 137, 138, 139, 140, 141, 142, 143, 144, 146, 148, 150, 152, 159, 161, 164, 165, 167, 170, 171, 174, 175, 178, 179], "excluded_lines": [], "functions": {"AutoRecoveryConfig.__init__": {"executed_lines": [], "summary": {"covered_lines": 0, "num_statements": 3, "percent_covered": 0.0, "percent_covered_display": "0", "missing_lines": 3, "excluded_lines": 0, "percent_statements_covered": 0.0, "percent_statements_covered_display": "0"}, "missing_lines": [19, 20, 21], "excluded_lines": [], "start_line": 18}, "AutoRecoveryConfig.load_config": {"executed_lines": [], "summary": {"covered_lines": 0, "num_statements": 9, "percent_covered": 0.0, "percent_covered_display": "0", "missing_lines": 9, "excluded_lines": 0, "percent_statements_covered": 0.0, "percent_statements_covered_display": "0"}, "missing_lines": [25, 26, 27, 28, 29, 30, 31, 32, 33], "excluded_lines": [], "start_line": 23}, "AutoRecoveryConfig._create_default_config": {"executed_lines": [], "summary": {"covered_lines": 0, "num_statements": 2, "percent_covered": 0.0, "percent_covered_display": "0", "missing_lines": 2, "excluded_lines": 0, "percent_statements_covered": 0.0, "percent_statements_covered_display": "0"}, "missing_lines": [37, 63], "excluded_lines": [], "start_line": 35}, "AutoRecoveryConfig.save_config": {"executed_lines": [], "summary": {"covered_lines": 0, "num_statements": 7, "percent_covered": 0.0, "percent_covered_display": "0", "missing_lines": 7, "excluded_lines": 0, "percent_statements_covered": 0.0, "percent_statements_covered_display": "0"}, "missing_lines": [67, 68, 69, 70, 71, 72, 73], "excluded_lines": [], "start_line": 65}, "AutoRecoveryConfig.invalidate_all_handles": {"executed_lines": [], "summary": {"covered_lines": 0, "num_statements": 15, "percent_covered": 0.0, "percent_covered_display": "0", "missing_lines": 15, "excluded_lines": 0, "percent_statements_covered": 0.0, "percent_statements_covered_display": "0"}, "missing_lines": [77, 79, 80, 81, 82, 83, 84, 85, 88, 89, 90, 91, 92, 93, 95], "excluded_lines": [], "start_line": 75}, "AutoRecoveryConfig.update_window_handle": {"executed_lines": [], "summary": {"covered_lines": 0, "num_statements": 21, "percent_covered": 0.0, "percent_covered_display": "0", "missing_lines": 21, "excluded_lines": 0, "percent_statements_covered": 0.0, "percent_statements_covered_display": "0"}, "missing_lines": [99, 102, 103, 104, 106, 109, 111, 112, 113, 114, 115, 116, 117, 118, 119, 121, 123, 129, 130, 132, 133], "excluded_lines": [], "start_line": 97}, "AutoRecoveryConfig.get_window_handle": {"executed_lines": [], "summary": {"covered_lines": 0, "num_statements": 8, "percent_covered": 0.0, "percent_covered_display": "0", "missing_lines": 8, "excluded_lines": 0, "percent_statements_covered": 0.0, "percent_statements_covered_display": "0"}, "missing_lines": [137, 138, 139, 140, 141, 142, 143, 144], "excluded_lines": [], "start_line": 135}, "AutoRecoveryConfig.is_recovery_enabled": {"executed_lines": [], "summary": {"covered_lines": 0, "num_statements": 1, "percent_covered": 0.0, "percent_covered_display": "0", "missing_lines": 1, "excluded_lines": 0, "percent_statements_covered": 0.0, "percent_statements_covered_display": "0"}, "missing_lines": [148], "excluded_lines": [], "start_line": 146}, "AutoRecoveryConfig.get_recovery_settings": {"executed_lines": [], "summary": {"covered_lines": 0, "num_statements": 1, "percent_covered": 0.0, "percent_covered_display": "0", "missing_lines": 1, "excluded_lines": 0, "percent_statements_covered": 0.0, "percent_statements_covered_display": "0"}, "missing_lines": [152], "excluded_lines": [], "start_line": 150}, "AutoRecoveryConfig.should_validate_windows": {"executed_lines": [], "summary": {"covered_lines": 0, "num_statements": 1, "percent_covered": 0.0, "percent_covered_display": "0", "missing_lines": 1, "excluded_lines": 0, "percent_statements_covered": 0.0, "percent_statements_covered_display": "0"}, "missing_lines": [161], "excluded_lines": [], "start_line": 159}, "": {"executed_lines": [], "summary": {"covered_lines": 0, "num_statements": 26, "percent_covered": 0.0, "percent_covered_display": "0", "missing_lines": 26, "excluded_lines": 0, "percent_statements_covered": 0.0, "percent_statements_covered_display": "0"}, "missing_lines": [7, 8, 9, 10, 11, 13, 15, 18, 23, 35, 65, 75, 97, 135, 146, 150, 159, 164, 165, 167, 170, 171, 174, 175, 178, 179], "excluded_lines": [], "start_line": 1}}, "classes": {"AutoRecoveryConfig": {"executed_lines": [], "summary": {"covered_lines": 0, "num_statements": 68, "percent_covered": 0.0, "percent_covered_display": "0", "missing_lines": 68, "excluded_lines": 0, "percent_statements_covered": 0.0, "percent_statements_covered_display": "0"}, "missing_lines": [19, 20, 21, 25, 26, 27, 28, 29, 30, 31, 32, 33, 37, 63, 67, 68, 69, 70, 71, 72, 73, 77, 79, 80, 81, 82, 83, 84, 85, 88, 89, 90, 91, 92, 93, 95, 99, 102, 103, 104, 106, 109, 111, 112, 113, 114, 115, 116, 117, 118, 119, 121, 123, 129, 130, 132, 133, 137, 138, 139, 140, 141, 142, 143, 144, 148, 152, 161], "excluded_lines": [], "start_line": 15}, "": {"executed_lines": [], "summary": {"covered_lines": 0, "num_statements": 26, "percent_covered": 0.0, "percent_covered_display": "0", "missing_lines": 26, "excluded_lines": 0, "percent_statements_covered": 0.0, "percent_statements_covered_display": "0"}, "missing_lines": [7, 8, 9, 10, 11, 13, 15, 18, 23, 35, 65, 75, 97, 135, 146, 150, 159, 164, 165, 167, 170, 171, 174, 175, 178, 179], "excluded_lines": [], "start_line": 1}}}, "bridge\\__init__.py": {"executed_lines": [6, 16, 21], "summary": {"covered_lines": 3, "num_statements": 3, "percent_covered": 100.0, "percent_covered_display": "100", "missing_lines": 0, "excluded_lines": 0, "percent_statements_covered": 100.0, "percent_statements_covered_display": "100"}, "missing_lines": [], "excluded_lines": [], "functions": {"": {"executed_lines": [6, 16, 21], "summary": {"covered_lines": 3, "num_statements": 3, "percent_covered": 100.0, "percent_covered_display": "100", "missing_lines": 0, "excluded_lines": 0, "percent_statements_covered": 100.0, "percent_statements_covered_display": "100"}, "missing_lines": [], "excluded_lines": [], "start_line": 1}}, "classes": {"": {"executed_lines": [6, 16, 21], "summary": {"covered_lines": 3, "num_statements": 3, "percent_covered": 100.0, "percent_covered_display": "100", "missing_lines": 0, "excluded_lines": 0, "percent_statements_covered": 100.0, "percent_statements_covered_display": "100"}, "missing_lines": [], "excluded_lines": [], "start_line": 1}}}, "bridge\\bridge_service.py": {"executed_lines": [8, 9, 10, 11, 12, 13, 15, 16, 24, 26, 27, 28, 29, 32, 33, 34, 35, 37, 40, 51, 58, 61, 64, 65, 68, 71, 74, 77, 78, 81, 88, 114, 143, 161, 201, 216, 247, 284, 323, 335, 352, 374, 395, 413, 416, 424], "summary": {"covered_lines": 46, "num_statements": 190, "percent_covered": 24.210526315789473, "percent_covered_display": "24", "missing_lines": 144, "excluded_lines": 0, "percent_statements_covered": 24.210526315789473, "percent_statements_covered_display": "24"}, "missing_lines": [95, 96, 99, 102, 105, 107, 108, 110, 111, 112, 116, 118, 119, 120, 121, 122, 124, 125, 127, 130, 131, 132, 133, 135, 136, 138, 140, 141, 145, 146, 148, 153, 154, 156, 158, 159, 164, 165, 167, 176, 177, 179, 180, 181, 183, 184, 186, 187, 189, 190, 192, 208, 209, 210, 211, 212, 213, 214, 223, 224, 226, 229, 231, 233, 236, 237, 243, 244, 245, 258, 260, 262, 264, 266, 268, 269, 272, 273, 276, 277, 278, 280, 282, 296, 298, 301, 302, 303, 304, 307, 309, 310, 311, 313, 314, 316, 318, 319, 320, 321, 326, 327, 330, 331, 333, 346, 347, 348, 350, 356, 357, 358, 360, 363, 364, 366, 369, 370, 372, 378, 380, 383, 384, 387, 388, 390, 391, 393, 402, 419, 420, 421, 426, 428, 429, 436, 439, 450, 453, 455, 457, 459, 460, 462], "excluded_lines": [], "functions": {"BridgeService.__init__": {"executed_lines": [58, 61, 64, 65, 68, 71, 74, 77, 78, 81], "summary": {"covered_lines": 10, "num_statements": 10, "percent_covered": 100.0, "percent_covered_display": "100", "missing_lines": 0, "excluded_lines": 0, "percent_statements_covered": 100.0, "percent_statements_covered_display": "100"}, "missing_lines": [], "excluded_lines": [], "start_line": 51}, "BridgeService.initialize": {"executed_lines": [], "summary": {"covered_lines": 0, "num_statements": 10, "percent_covered": 0.0, "percent_covered_display": "0", "missing_lines": 10, "excluded_lines": 0, "percent_statements_covered": 0.0, "percent_statements_covered_display": "0"}, "missing_lines": [95, 96, 99, 102, 105, 107, 108, 110, 111, 112], "excluded_lines": [], "start_line": 88}, "BridgeService._initialize_senders": {"executed_lines": [], "summary": {"covered_lines": 0, "num_statements": 18, "percent_covered": 0.0, "percent_covered_display": "0", "missing_lines": 18, "excluded_lines": 0, "percent_statements_covered": 0.0, "percent_statements_covered_display": "0"}, "missing_lines": [116, 118, 119, 120, 121, 122, 124, 125, 127, 130, 131, 132, 133, 135, 136, 138, 140, 141], "excluded_lines": [], "start_line": 114}, "BridgeService._initialize_openclaw": {"executed_lines": [], "summary": {"covered_lines": 0, "num_statements": 8, "percent_covered": 0.0, "percent_covered_display": "0", "missing_lines": 8, "excluded_lines": 0, "percent_statements_covered": 0.0, "percent_statements_covered_display": "0"}, "missing_lines": [145, 146, 148, 153, 154, 156, 158, 159], "excluded_lines": [], "start_line": 143}, "BridgeService._register_default_commands": {"executed_lines": [], "summary": {"covered_lines": 0, "num_statements": 6, "percent_covered": 0.0, "percent_covered_display": "0", "missing_lines": 6, "excluded_lines": 0, "percent_statements_covered": 0.0, "percent_statements_covered_display": "0"}, "missing_lines": [164, 165, 176, 177, 189, 190], "excluded_lines": [], "start_line": 161}, "BridgeService._register_default_commands.cmd_status": {"executed_lines": [], "summary": {"covered_lines": 0, "num_statements": 1, "percent_covered": 0.0, "percent_covered_display": "0", "missing_lines": 1, "excluded_lines": 0, "percent_statements_covered": 0.0, "percent_statements_covered_display": "0"}, "missing_lines": [167], "excluded_lines": [], "start_line": 165}, "BridgeService._register_default_commands.cmd_send": {"executed_lines": [], "summary": {"covered_lines": 0, "num_statements": 7, "percent_covered": 0.0, "percent_covered_display": "0", "missing_lines": 7, "excluded_lines": 0, "percent_statements_covered": 0.0, "percent_statements_covered_display": "0"}, "missing_lines": [179, 180, 181, 183, 184, 186, 187], "excluded_lines": [], "start_line": 177}, "BridgeService._register_default_commands.cmd_help": {"executed_lines": [], "summary": {"covered_lines": 0, "num_statements": 1, "percent_covered": 0.0, "percent_covered_display": "0", "missing_lines": 1, "excluded_lines": 0, "percent_statements_covered": 0.0, "percent_statements_covered_display": "0"}, "missing_lines": [192], "excluded_lines": [], "start_line": 190}, "BridgeService.command": {"executed_lines": [], "summary": {"covered_lines": 0, "num_statements": 2, "percent_covered": 0.0, "percent_covered_display": "0", "missing_lines": 2, "excluded_lines": 0, "percent_statements_covered": 0.0, "percent_statements_covered_display": "0"}, "missing_lines": [208, 214], "excluded_lines": [], "start_line": 201}, "BridgeService.command.decorator": {"executed_lines": [], "summary": {"covered_lines": 0, "num_statements": 5, "percent_covered": 0.0, "percent_covered_display": "0", "missing_lines": 5, "excluded_lines": 0, "percent_statements_covered": 0.0, "percent_statements_covered_display": "0"}, "missing_lines": [209, 210, 211, 212, 213], "excluded_lines": [], "start_line": 208}, "BridgeService.on_message_received": {"executed_lines": [], "summary": {"covered_lines": 0, "num_statements": 11, "percent_covered": 0.0, "percent_covered_display": "0", "missing_lines": 11, "excluded_lines": 0, "percent_statements_covered": 0.0, "percent_statements_covered_display": "0"}, "missing_lines": [223, 224, 226, 229, 231, 233, 236, 237, 243, 244, 245], "excluded_lines": [], "start_line": 216}, "BridgeService._should_process_message": {"executed_lines": [], "summary": {"covered_lines": 0, "num_statements": 14, "percent_covered": 0.0, "percent_covered_display": "0", "missing_lines": 14, "excluded_lines": 0, "percent_statements_covered": 0.0, "percent_statements_covered_display": "0"}, "missing_lines": [258, 260, 262, 264, 266, 268, 269, 272, 273, 276, 277, 278, 280, 282], "excluded_lines": [], "start_line": 247}, "BridgeService.send_message": {"executed_lines": [], "summary": {"covered_lines": 0, "num_statements": 17, "percent_covered": 0.0, "percent_covered_display": "0", "missing_lines": 17, "excluded_lines": 0, "percent_statements_covered": 0.0, "percent_statements_covered_display": "0"}, "missing_lines": [296, 298, 301, 302, 303, 304, 307, 309, 310, 311, 313, 314, 316, 318, 319, 320, 321], "excluded_lines": [], "start_line": 284}, "BridgeService._select_sender": {"executed_lines": [], "summary": {"covered_lines": 0, "num_statements": 5, "percent_covered": 0.0, "percent_covered_display": "0", "missing_lines": 5, "excluded_lines": 0, "percent_statements_covered": 0.0, "percent_statements_covered_display": "0"}, "missing_lines": [326, 327, 330, 331, 333], "excluded_lines": [], "start_line": 323}, "BridgeService._format_message": {"executed_lines": [], "summary": {"covered_lines": 0, "num_statements": 4, "percent_covered": 0.0, "percent_covered_display": "0", "missing_lines": 4, "excluded_lines": 0, "percent_statements_covered": 0.0, "percent_statements_covered_display": "0"}, "missing_lines": [346, 347, 348, 350], "excluded_lines": [], "start_line": 335}, "BridgeService.start": {"executed_lines": [], "summary": {"covered_lines": 0, "num_statements": 10, "percent_covered": 0.0, "percent_covered_display": "0", "missing_lines": 10, "excluded_lines": 0, "percent_statements_covered": 0.0, "percent_statements_covered_display": "0"}, "missing_lines": [356, 357, 358, 360, 363, 364, 366, 369, 370, 372], "excluded_lines": [], "start_line": 352}, "BridgeService.stop": {"executed_lines": [], "summary": {"covered_lines": 0, "num_statements": 9, "percent_covered": 0.0, "percent_covered_display": "0", "missing_lines": 9, "excluded_lines": 0, "percent_statements_covered": 0.0, "percent_statements_covered_display": "0"}, "missing_lines": [378, 380, 383, 384, 387, 388, 390, 391, 393], "excluded_lines": [], "start_line": 374}, "BridgeService.get_status": {"executed_lines": [], "summary": {"covered_lines": 0, "num_statements": 1, "percent_covered": 0.0, "percent_covered_display": "0", "missing_lines": 1, "excluded_lines": 0, "percent_statements_covered": 0.0, "percent_statements_covered_display": "0"}, "missing_lines": [402], "excluded_lines": [], "start_line": 395}, "get_bridge_service": {"executed_lines": [], "summary": {"covered_lines": 0, "num_statements": 3, "percent_covered": 0.0, "percent_covered_display": "0", "missing_lines": 3, "excluded_lines": 0, "percent_statements_covered": 0.0, "percent_statements_covered_display": "0"}, "missing_lines": [419, 420, 421], "excluded_lines": [], "start_line": 416}, "test_bridge": {"executed_lines": [], "summary": {"covered_lines": 0, "num_statements": 7, "percent_covered": 0.0, "percent_covered_display": "0", "missing_lines": 7, "excluded_lines": 0, "percent_statements_covered": 0.0, "percent_statements_covered_display": "0"}, "missing_lines": [429, 436, 439, 450, 453, 455, 457], "excluded_lines": [], "start_line": 428}, "": {"executed_lines": [8, 9, 10, 11, 12, 13, 15, 16, 24, 26, 27, 28, 29, 32, 33, 34, 35, 37, 40, 51, 88, 114, 143, 161, 201, 216, 247, 284, 323, 335, 352, 374, 395, 413, 416, 424], "summary": {"covered_lines": 36, "num_statements": 41, "percent_covered": 87.8048780487805, "percent_covered_display": "88", "missing_lines": 5, "excluded_lines": 0, "percent_statements_covered": 87.8048780487805, "percent_statements_covered_display": "88"}, "missing_lines": [426, 428, 459, 460, 462], "excluded_lines": [], "start_line": 1}}, "classes": {"BridgeService": {"executed_lines": [58, 61, 64, 65, 68, 71, 74, 77, 78, 81], "summary": {"covered_lines": 10, "num_statements": 139, "percent_covered": 7.194244604316546, "percent_covered_display": "7", "missing_lines": 129, "excluded_lines": 0, "percent_statements_covered": 7.194244604316546, "percent_statements_covered_display": "7"}, "missing_lines": [95, 96, 99, 102, 105, 107, 108, 110, 111, 112, 116, 118, 119, 120, 121, 122, 124, 125, 127, 130, 131, 132, 133, 135, 136, 138, 140, 141, 145, 146, 148, 153, 154, 156, 158, 159, 164, 165, 167, 176, 177, 179, 180, 181, 183, 184, 186, 187, 189, 190, 192, 208, 209, 210, 211, 212, 213, 214, 223, 224, 226, 229, 231, 233, 236, 237, 243, 244, 245, 258, 260, 262, 264, 266, 268, 269, 272, 273, 276, 277, 278, 280, 282, 296, 298, 301, 302, 303, 304, 307, 309, 310, 311, 313, 314, 316, 318, 319, 320, 321, 326, 327, 330, 331, 333, 346, 347, 348, 350, 356, 357, 358, 360, 363, 364, 366, 369, 370, 372, 378, 380, 383, 384, 387, 388, 390, 391, 393, 402], "excluded_lines": [], "start_line": 40}, "": {"executed_lines": [8, 9, 10, 11, 12, 13, 15, 16, 24, 26, 27, 28, 29, 32, 33, 34, 35, 37, 40, 51, 88, 114, 143, 161, 201, 216, 247, 284, 323, 335, 352, 374, 395, 413, 416, 424], "summary": {"covered_lines": 36, "num_statements": 51, "percent_covered": 70.58823529411765, "percent_covered_display": "71", "missing_lines": 15, "excluded_lines": 0, "percent_statements_covered": 70.58823529411765, "percent_statements_covered_display": "71"}, "missing_lines": [419, 420, 421, 426, 428, 429, 436, 439, 450, 453, 455, 457, 459, 460, 462], "excluded_lines": [], "start_line": 1}}}, "bridge\\message_listener.py": {"executed_lines": [], "summary": {"covered_lines": 0, "num_statements": 234, "percent_covered": 0.0, "percent_covered_display": "0", "missing_lines": 234, "excluded_lines": 0, "percent_statements_covered": 0.0, "percent_statements_covered_display": "0"}, "missing_lines": [8, 9, 10, 11, 12, 13, 14, 15, 16, 18, 21, 23, 24, 25, 26, 27, 28, 29, 32, 34, 35, 36, 39, 40, 48, 49, 50, 51, 52, 53, 55, 56, 72, 79, 86, 89, 92, 93, 94, 97, 98, 101, 108, 110, 117, 118, 119, 121, 122, 125, 126, 127, 130, 131, 132, 133, 135, 136, 137, 139, 140, 141, 142, 144, 146, 147, 149, 151, 152, 154, 155, 156, 158, 160, 167, 168, 169, 171, 172, 173, 176, 177, 179, 180, 182, 183, 185, 186, 187, 188, 190, 192, 193, 194, 195, 196, 197, 199, 206, 207, 211, 214, 215, 218, 220, 221, 222, 224, 228, 230, 232, 233, 235, 237, 239, 240, 243, 244, 245, 246, 247, 248, 249, 252, 255, 257, 258, 259, 260, 262, 264, 271, 273, 275, 277, 279, 281, 282, 284, 286, 293, 295, 296, 297, 300, 301, 302, 306, 311, 313, 315, 316, 318, 320, 321, 330, 331, 332, 334, 335, 337, 338, 339, 340, 342, 344, 351, 353, 354, 355, 358, 359, 360, 361, 370, 371, 373, 375, 385, 386, 388, 389, 391, 392, 394, 396, 397, 402, 403, 405, 412, 413, 414, 416, 424, 431, 438, 439, 441, 453, 456, 457, 460, 462, 471, 474, 481, 488, 489, 492, 493, 495, 497, 499, 500, 501, 503, 504, 506, 507, 509, 511, 515, 516, 519, 535, 536, 538, 540, 541, 542, 544, 546, 550], "excluded_lines": [], "functions": {"WxMessage.to_dict": {"executed_lines": [], "summary": {"covered_lines": 0, "num_statements": 1, "percent_covered": 0.0, "percent_covered_display": "0", "missing_lines": 1, "excluded_lines": 0, "percent_statements_covered": 0.0, "percent_statements_covered_display": "0"}, "missing_lines": [56], "excluded_lines": [], "start_line": 55}, "MessageListener.__init__": {"executed_lines": [], "summary": {"covered_lines": 0, "num_statements": 9, "percent_covered": 0.0, "percent_covered_display": "0", "missing_lines": 9, "excluded_lines": 0, "percent_statements_covered": 0.0, "percent_statements_covered_display": "0"}, "missing_lines": [86, 89, 92, 93, 94, 97, 98, 101, 108], "excluded_lines": [], "start_line": 79}, "MessageListener.start": {"executed_lines": [], "summary": {"covered_lines": 0, "num_statements": 19, "percent_covered": 0.0, "percent_covered_display": "0", "missing_lines": 19, "excluded_lines": 0, "percent_statements_covered": 0.0, "percent_statements_covered_display": "0"}, "missing_lines": [117, 118, 119, 121, 122, 125, 126, 127, 130, 131, 132, 133, 135, 136, 137, 139, 140, 141, 142], "excluded_lines": [], "start_line": 110}, "MessageListener.stop": {"executed_lines": [], "summary": {"covered_lines": 0, "num_statements": 9, "percent_covered": 0.0, "percent_covered_display": "0", "missing_lines": 9, "excluded_lines": 0, "percent_statements_covered": 0.0, "percent_statements_covered_display": "0"}, "missing_lines": [146, 147, 149, 151, 152, 154, 155, 156, 158], "excluded_lines": [], "start_line": 144}, "MessageListener._find_wechat_window": {"executed_lines": [], "summary": {"covered_lines": 0, "num_statements": 17, "percent_covered": 0.0, "percent_covered_display": "0", "missing_lines": 17, "excluded_lines": 0, "percent_statements_covered": 0.0, "percent_statements_covered_display": "0"}, "missing_lines": [167, 168, 169, 171, 182, 183, 185, 186, 187, 188, 190, 192, 193, 194, 195, 196, 197], "excluded_lines": [], "start_line": 160}, "MessageListener._find_wechat_window.enum_windows_callback": {"executed_lines": [], "summary": {"covered_lines": 0, "num_statements": 6, "percent_covered": 0.0, "percent_covered_display": "0", "missing_lines": 6, "excluded_lines": 0, "percent_statements_covered": 0.0, "percent_statements_covered_display": "0"}, "missing_lines": [172, 173, 176, 177, 179, 180], "excluded_lines": [], "start_line": 171}, "MessageListener._find_wechat_window_fallback": {"executed_lines": [], "summary": {"covered_lines": 0, "num_statements": 9, "percent_covered": 0.0, "percent_covered_display": "0", "missing_lines": 9, "excluded_lines": 0, "percent_statements_covered": 0.0, "percent_statements_covered_display": "0"}, "missing_lines": [206, 207, 211, 214, 215, 218, 220, 221, 222], "excluded_lines": [], "start_line": 199}, "MessageListener._listen_loop": {"executed_lines": [], "summary": {"covered_lines": 0, "num_statements": 22, "percent_covered": 0.0, "percent_covered_display": "0", "missing_lines": 22, "excluded_lines": 0, "percent_statements_covered": 0.0, "percent_statements_covered_display": "0"}, "missing_lines": [228, 230, 232, 233, 235, 237, 239, 240, 243, 244, 245, 246, 247, 248, 249, 252, 255, 257, 258, 259, 260, 262], "excluded_lines": [], "start_line": 224}, "MessageListener._poll_messages": {"executed_lines": [], "summary": {"covered_lines": 0, "num_statements": 8, "percent_covered": 0.0, "percent_covered_display": "0", "missing_lines": 8, "excluded_lines": 0, "percent_statements_covered": 0.0, "percent_statements_covered_display": "0"}, "missing_lines": [271, 273, 275, 277, 279, 281, 282, 284], "excluded_lines": [], "start_line": 264}, "MessageListener._read_messages_uia": {"executed_lines": [], "summary": {"covered_lines": 0, "num_statements": 25, "percent_covered": 0.0, "percent_covered_display": "0", "missing_lines": 25, "excluded_lines": 0, "percent_statements_covered": 0.0, "percent_statements_covered_display": "0"}, "missing_lines": [293, 295, 296, 297, 300, 301, 302, 306, 311, 313, 315, 316, 318, 320, 321, 330, 331, 332, 334, 335, 337, 338, 339, 340, 342], "excluded_lines": [], "start_line": 286}, "MessageListener._read_messages_clipboard": {"executed_lines": [], "summary": {"covered_lines": 0, "num_statements": 11, "percent_covered": 0.0, "percent_covered_display": "0", "missing_lines": 11, "excluded_lines": 0, "percent_statements_covered": 0.0, "percent_statements_covered_display": "0"}, "missing_lines": [351, 353, 354, 355, 358, 359, 360, 361, 370, 371, 373], "excluded_lines": [], "start_line": 344}, "MessageListener._is_duplicate": {"executed_lines": [], "summary": {"covered_lines": 0, "num_statements": 6, "percent_covered": 0.0, "percent_covered_display": "0", "missing_lines": 6, "excluded_lines": 0, "percent_statements_covered": 0.0, "percent_statements_covered_display": "0"}, "missing_lines": [385, 386, 388, 389, 391, 392], "excluded_lines": [], "start_line": 375}, "MessageListener._cleanup_seen_messages": {"executed_lines": [], "summary": {"covered_lines": 0, "num_statements": 4, "percent_covered": 0.0, "percent_covered_display": "0", "missing_lines": 4, "excluded_lines": 0, "percent_statements_covered": 0.0, "percent_statements_covered_display": "0"}, "missing_lines": [396, 397, 402, 403], "excluded_lines": [], "start_line": 394}, "MessageListener.get_stats": {"executed_lines": [], "summary": {"covered_lines": 0, "num_statements": 4, "percent_covered": 0.0, "percent_covered_display": "0", "missing_lines": 4, "excluded_lines": 0, "percent_statements_covered": 0.0, "percent_statements_covered_display": "0"}, "missing_lines": [412, 413, 414, 416], "excluded_lines": [], "start_line": 405}, "MessagePoller.__init__": {"executed_lines": [], "summary": {"covered_lines": 0, "num_statements": 2, "percent_covered": 0.0, "percent_covered_display": "0", "missing_lines": 2, "excluded_lines": 0, "percent_statements_covered": 0.0, "percent_statements_covered_display": "0"}, "missing_lines": [438, 439], "excluded_lines": [], "start_line": 431}, "MessagePoller.poll": {"executed_lines": [], "summary": {"covered_lines": 0, "num_statements": 4, "percent_covered": 0.0, "percent_covered_display": "0", "missing_lines": 4, "excluded_lines": 0, "percent_statements_covered": 0.0, "percent_statements_covered_display": "0"}, "missing_lines": [453, 456, 457, 460], "excluded_lines": [], "start_line": 441}, "MessagePoller.poll_unread": {"executed_lines": [], "summary": {"covered_lines": 0, "num_statements": 1, "percent_covered": 0.0, "percent_covered_display": "0", "missing_lines": 1, "excluded_lines": 0, "percent_statements_covered": 0.0, "percent_statements_covered_display": "0"}, "missing_lines": [471], "excluded_lines": [], "start_line": 462}, "WebhookMessageReceiver.__init__": {"executed_lines": [], "summary": {"covered_lines": 0, "num_statements": 4, "percent_covered": 0.0, "percent_covered_display": "0", "missing_lines": 4, "excluded_lines": 0, "percent_statements_covered": 0.0, "percent_statements_covered_display": "0"}, "missing_lines": [488, 489, 492, 493], "excluded_lines": [], "start_line": 481}, "WebhookMessageReceiver.start": {"executed_lines": [], "summary": {"covered_lines": 0, "num_statements": 9, "percent_covered": 0.0, "percent_covered_display": "0", "missing_lines": 9, "excluded_lines": 0, "percent_statements_covered": 0.0, "percent_statements_covered_display": "0"}, "missing_lines": [497, 499, 500, 501, 503, 504, 506, 507, 509], "excluded_lines": [], "start_line": 495}, "WebhookMessageReceiver._handle_message": {"executed_lines": [], "summary": {"covered_lines": 0, "num_statements": 9, "percent_covered": 0.0, "percent_covered_display": "0", "missing_lines": 9, "excluded_lines": 0, "percent_statements_covered": 0.0, "percent_statements_covered_display": "0"}, "missing_lines": [515, 516, 519, 535, 536, 538, 540, 541, 542], "excluded_lines": [], "start_line": 511}, "WebhookMessageReceiver._handle_health": {"executed_lines": [], "summary": {"covered_lines": 0, "num_statements": 1, "percent_covered": 0.0, "percent_covered_display": "0", "missing_lines": 1, "excluded_lines": 0, "percent_statements_covered": 0.0, "percent_statements_covered_display": "0"}, "missing_lines": [546], "excluded_lines": [], "start_line": 544}, "": {"executed_lines": [], "summary": {"covered_lines": 0, "num_statements": 54, "percent_covered": 0.0, "percent_covered_display": "0", "missing_lines": 54, "excluded_lines": 0, "percent_statements_covered": 0.0, "percent_statements_covered_display": "0"}, "missing_lines": [8, 9, 10, 11, 12, 13, 14, 15, 16, 18, 21, 23, 24, 25, 26, 27, 28, 29, 32, 34, 35, 36, 39, 40, 48, 49, 50, 51, 52, 53, 55, 72, 79, 110, 144, 160, 199, 224, 264, 286, 344, 375, 394, 405, 424, 431, 441, 462, 474, 481, 495, 511, 544, 550], "excluded_lines": [], "start_line": 1}}, "classes": {"MessageType": {"executed_lines": [], "summary": {"covered_lines": 0, "num_statements": 0, "percent_covered": 100.0, "percent_covered_display": "100", "missing_lines": 0, "excluded_lines": 0, "percent_statements_covered": 100.0, "percent_statements_covered_display": "100"}, "missing_lines": [], "excluded_lines": [], "start_line": 21}, "ChatType": {"executed_lines": [], "summary": {"covered_lines": 0, "num_statements": 0, "percent_covered": 100.0, "percent_covered_display": "100", "missing_lines": 0, "excluded_lines": 0, "percent_statements_covered": 100.0, "percent_statements_covered_display": "100"}, "missing_lines": [], "excluded_lines": [], "start_line": 32}, "WxMessage": {"executed_lines": [], "summary": {"covered_lines": 0, "num_statements": 1, "percent_covered": 0.0, "percent_covered_display": "0", "missing_lines": 1, "excluded_lines": 0, "percent_statements_covered": 0.0, "percent_statements_covered_display": "0"}, "missing_lines": [56], "excluded_lines": [], "start_line": 40}, "MessageListener": {"executed_lines": [], "summary": {"covered_lines": 0, "num_statements": 149, "percent_covered": 0.0, "percent_covered_display": "0", "missing_lines": 149, "excluded_lines": 0, "percent_statements_covered": 0.0, "percent_statements_covered_display": "0"}, "missing_lines": [86, 89, 92, 93, 94, 97, 98, 101, 108, 117, 118, 119, 121, 122, 125, 126, 127, 130, 131, 132, 133, 135, 136, 137, 139, 140, 141, 142, 146, 147, 149, 151, 152, 154, 155, 156, 158, 167, 168, 169, 171, 172, 173, 176, 177, 179, 180, 182, 183, 185, 186, 187, 188, 190, 192, 193, 194, 195, 196, 197, 206, 207, 211, 214, 215, 218, 220, 221, 222, 228, 230, 232, 233, 235, 237, 239, 240, 243, 244, 245, 246, 247, 248, 249, 252, 255, 257, 258, 259, 260, 262, 271, 273, 275, 277, 279, 281, 282, 284, 293, 295, 296, 297, 300, 301, 302, 306, 311, 313, 315, 316, 318, 320, 321, 330, 331, 332, 334, 335, 337, 338, 339, 340, 342, 351, 353, 354, 355, 358, 359, 360, 361, 370, 371, 373, 385, 386, 388, 389, 391, 392, 396, 397, 402, 403, 412, 413, 414, 416], "excluded_lines": [], "start_line": 72}, "MessagePoller": {"executed_lines": [], "summary": {"covered_lines": 0, "num_statements": 7, "percent_covered": 0.0, "percent_covered_display": "0", "missing_lines": 7, "excluded_lines": 0, "percent_statements_covered": 0.0, "percent_statements_covered_display": "0"}, "missing_lines": [438, 439, 453, 456, 457, 460, 471], "excluded_lines": [], "start_line": 424}, "WebhookMessageReceiver": {"executed_lines": [], "summary": {"covered_lines": 0, "num_statements": 23, "percent_covered": 0.0, "percent_covered_display": "0", "missing_lines": 23, "excluded_lines": 0, "percent_statements_covered": 0.0, "percent_statements_covered_display": "0"}, "missing_lines": [488, 489, 492, 493, 497, 499, 500, 501, 503, 504, 506, 507, 509, 515, 516, 519, 535, 536, 538, 540, 541, 542, 546], "excluded_lines": [], "start_line": 474}, "": {"executed_lines": [], "summary": {"covered_lines": 0, "num_statements": 54, "percent_covered": 0.0, "percent_covered_display": "0", "missing_lines": 54, "excluded_lines": 0, "percent_statements_covered": 0.0, "percent_statements_covered_display": "0"}, "missing_lines": [8, 9, 10, 11, 12, 13, 14, 15, 16, 18, 21, 23, 24, 25, 26, 27, 28, 29, 32, 34, 35, 36, 39, 40, 48, 49, 50, 51, 52, 53, 55, 72, 79, 110, 144, 160, 199, 224, 264, 286, 344, 375, 394, 405, 424, 431, 441, 462, 474, 481, 495, 511, 544, 550], "excluded_lines": [], "start_line": 1}}}, "bridge\\openclaw_client.py": {"executed_lines": [8, 9, 10, 11, 12, 13, 14, 15, 17, 20, 22, 23, 24, 25, 26, 27, 30, 32, 33, 34, 37, 38, 47, 48, 49, 50, 51, 53, 70, 71, 89, 90, 93, 94, 95, 96, 97, 99, 100, 117, 128, 164, 195, 203, 226, 292, 316, 327, 338, 362, 375, 409, 448, 455, 461, 471, 480, 483, 503], "summary": {"covered_lines": 59, "num_statements": 198, "percent_covered": 29.7979797979798, "percent_covered_display": "30", "missing_lines": 139, "excluded_lines": 0, "percent_statements_covered": 29.7979797979798, "percent_statements_covered_display": "30"}, "missing_lines": [55, 73, 102, 103, 104, 112, 113, 114, 142, 143, 144, 147, 148, 151, 154, 157, 160, 161, 162, 171, 172, 174, 176, 182, 183, 186, 188, 190, 191, 192, 193, 197, 198, 199, 200, 201, 205, 223, 224, 243, 245, 248, 256, 264, 265, 268, 269, 272, 277, 279, 280, 281, 285, 286, 287, 302, 310, 324, 325, 335, 336, 349, 350, 351, 352, 353, 355, 356, 357, 358, 360, 370, 371, 373, 381, 382, 384, 386, 387, 388, 389, 390, 391, 392, 393, 394, 395, 397, 398, 399, 401, 402, 403, 404, 405, 407, 416, 418, 420, 421, 422, 425, 431, 433, 434, 435, 436, 438, 440, 442, 445, 456, 457, 458, 459, 463, 464, 465, 466, 467, 468, 469, 473, 474, 498, 499, 500, 505, 507, 508, 511, 512, 515, 521, 523, 525, 527, 528, 530], "excluded_lines": [], "functions": {"WeChatMessage.to_dict": {"executed_lines": [], "summary": {"covered_lines": 0, "num_statements": 1, "percent_covered": 0.0, "percent_covered_display": "0", "missing_lines": 1, "excluded_lines": 0, "percent_statements_covered": 0.0, "percent_statements_covered_display": "0"}, "missing_lines": [55], "excluded_lines": [], "start_line": 53}, "WeChatMessage.from_dict": {"executed_lines": [], "summary": {"covered_lines": 0, "num_statements": 1, "percent_covered": 0.0, "percent_covered_display": "0", "missing_lines": 1, "excluded_lines": 0, "percent_statements_covered": 0.0, "percent_statements_covered_display": "0"}, "missing_lines": [73], "excluded_lines": [], "start_line": 71}, "OpenClawResponse.from_json": {"executed_lines": [], "summary": {"covered_lines": 0, "num_statements": 6, "percent_covered": 0.0, "percent_covered_display": "0", "missing_lines": 6, "excluded_lines": 0, "percent_statements_covered": 0.0, "percent_statements_covered_display": "0"}, "missing_lines": [102, 103, 104, 112, 113, 114], "excluded_lines": [], "start_line": 100}, "OpenClawClient.__init__": {"executed_lines": [], "summary": {"covered_lines": 0, "num_statements": 11, "percent_covered": 0.0, "percent_covered_display": "0", "missing_lines": 11, "excluded_lines": 0, "percent_statements_covered": 0.0, "percent_statements_covered_display": "0"}, "missing_lines": [142, 143, 144, 147, 148, 151, 154, 157, 160, 161, 162], "excluded_lines": [], "start_line": 128}, "OpenClawClient.connect": {"executed_lines": [], "summary": {"covered_lines": 0, "num_statements": 12, "percent_covered": 0.0, "percent_covered_display": "0", "missing_lines": 12, "excluded_lines": 0, "percent_statements_covered": 0.0, "percent_statements_covered_display": "0"}, "missing_lines": [171, 172, 174, 176, 182, 183, 186, 188, 190, 191, 192, 193], "excluded_lines": [], "start_line": 164}, "OpenClawClient.disconnect": {"executed_lines": [], "summary": {"covered_lines": 0, "num_statements": 5, "percent_covered": 0.0, "percent_covered_display": "0", "missing_lines": 5, "excluded_lines": 0, "percent_statements_covered": 0.0, "percent_statements_covered_display": "0"}, "missing_lines": [197, 198, 199, 200, 201], "excluded_lines": [], "start_line": 195}, "OpenClawClient._register_agent": {"executed_lines": [], "summary": {"covered_lines": 0, "num_statements": 3, "percent_covered": 0.0, "percent_covered_display": "0", "missing_lines": 3, "excluded_lines": 0, "percent_statements_covered": 0.0, "percent_statements_covered_display": "0"}, "missing_lines": [205, 223, 224], "excluded_lines": [], "start_line": 203}, "OpenClawClient.send_message": {"executed_lines": [], "summary": {"covered_lines": 0, "num_statements": 16, "percent_covered": 0.0, "percent_covered_display": "0", "missing_lines": 16, "excluded_lines": 0, "percent_statements_covered": 0.0, "percent_statements_covered_display": "0"}, "missing_lines": [243, 245, 248, 256, 264, 265, 268, 269, 272, 277, 279, 280, 281, 285, 286, 287], "excluded_lines": [], "start_line": 226}, "OpenClawClient.send_wechat_message": {"executed_lines": [], "summary": {"covered_lines": 0, "num_statements": 2, "percent_covered": 0.0, "percent_covered_display": "0", "missing_lines": 2, "excluded_lines": 0, "percent_statements_covered": 0.0, "percent_statements_covered_display": "0"}, "missing_lines": [302, 310], "excluded_lines": [], "start_line": 292}, "OpenClawClient.register_command_handler": {"executed_lines": [], "summary": {"covered_lines": 0, "num_statements": 2, "percent_covered": 0.0, "percent_covered_display": "0", "missing_lines": 2, "excluded_lines": 0, "percent_statements_covered": 0.0, "percent_statements_covered_display": "0"}, "missing_lines": [324, 325], "excluded_lines": [], "start_line": 316}, "OpenClawClient.register_message_handler": {"executed_lines": [], "summary": {"covered_lines": 0, "num_statements": 2, "percent_covered": 0.0, "percent_covered_display": "0", "missing_lines": 2, "excluded_lines": 0, "percent_statements_covered": 0.0, "percent_statements_covered_display": "0"}, "missing_lines": [335, 336], "excluded_lines": [], "start_line": 327}, "OpenClawClient.execute_command": {"executed_lines": [], "summary": {"covered_lines": 0, "num_statements": 10, "percent_covered": 0.0, "percent_covered_display": "0", "missing_lines": 10, "excluded_lines": 0, "percent_statements_covered": 0.0, "percent_statements_covered_display": "0"}, "missing_lines": [349, 350, 351, 352, 353, 355, 356, 357, 358, 360], "excluded_lines": [], "start_line": 338}, "OpenClawClient.update_session_context": {"executed_lines": [], "summary": {"covered_lines": 0, "num_statements": 3, "percent_covered": 0.0, "percent_covered_display": "0", "missing_lines": 3, "excluded_lines": 0, "percent_statements_covered": 0.0, "percent_statements_covered_display": "0"}, "missing_lines": [370, 371, 373], "excluded_lines": [], "start_line": 362}, "OpenClawClient.listen": {"executed_lines": [], "summary": {"covered_lines": 0, "num_statements": 22, "percent_covered": 0.0, "percent_covered_display": "0", "missing_lines": 22, "excluded_lines": 0, "percent_statements_covered": 0.0, "percent_statements_covered_display": "0"}, "missing_lines": [381, 382, 384, 386, 387, 388, 389, 390, 391, 392, 393, 394, 395, 397, 398, 399, 401, 402, 403, 404, 405, 407], "excluded_lines": [], "start_line": 375}, "OpenClawClient._handle_message": {"executed_lines": [], "summary": {"covered_lines": 0, "num_statements": 15, "percent_covered": 0.0, "percent_covered_display": "0", "missing_lines": 15, "excluded_lines": 0, "percent_statements_covered": 0.0, "percent_statements_covered_display": "0"}, "missing_lines": [416, 418, 420, 421, 422, 425, 431, 433, 434, 435, 436, 438, 440, 442, 445], "excluded_lines": [], "start_line": 409}, "OpenClawClientSync.__init__": {"executed_lines": [], "summary": {"covered_lines": 0, "num_statements": 4, "percent_covered": 0.0, "percent_covered_display": "0", "missing_lines": 4, "excluded_lines": 0, "percent_statements_covered": 0.0, "percent_statements_covered_display": "0"}, "missing_lines": [456, 457, 458, 459], "excluded_lines": [], "start_line": 455}, "OpenClawClientSync._get_loop": {"executed_lines": [], "summary": {"covered_lines": 0, "num_statements": 7, "percent_covered": 0.0, "percent_covered_display": "0", "missing_lines": 7, "excluded_lines": 0, "percent_statements_covered": 0.0, "percent_statements_covered_display": "0"}, "missing_lines": [463, 464, 465, 466, 467, 468, 469], "excluded_lines": [], "start_line": 461}, "OpenClawClientSync.send_message": {"executed_lines": [], "summary": {"covered_lines": 0, "num_statements": 2, "percent_covered": 0.0, "percent_covered_display": "0", "missing_lines": 2, "excluded_lines": 0, "percent_statements_covered": 0.0, "percent_statements_covered_display": "0"}, "missing_lines": [473, 474], "excluded_lines": [], "start_line": 471}, "get_openclaw_client": {"executed_lines": [], "summary": {"covered_lines": 0, "num_statements": 3, "percent_covered": 0.0, "percent_covered_display": "0", "missing_lines": 3, "excluded_lines": 0, "percent_statements_covered": 0.0, "percent_statements_covered_display": "0"}, "missing_lines": [498, 499, 500], "excluded_lines": [], "start_line": 483}, "test_client": {"executed_lines": [], "summary": {"covered_lines": 0, "num_statements": 7, "percent_covered": 0.0, "percent_covered_display": "0", "missing_lines": 7, "excluded_lines": 0, "percent_statements_covered": 0.0, "percent_statements_covered_display": "0"}, "missing_lines": [508, 511, 512, 515, 521, 523, 525], "excluded_lines": [], "start_line": 507}, "": {"executed_lines": [8, 9, 10, 11, 12, 13, 14, 15, 17, 20, 22, 23, 24, 25, 26, 27, 30, 32, 33, 34, 37, 38, 47, 48, 49, 50, 51, 53, 70, 71, 89, 90, 93, 94, 95, 96, 97, 99, 100, 117, 128, 164, 195, 203, 226, 292, 316, 327, 338, 362, 375, 409, 448, 455, 461, 471, 480, 483, 503], "summary": {"covered_lines": 59, "num_statements": 64, "percent_covered": 92.1875, "percent_covered_display": "92", "missing_lines": 5, "excluded_lines": 0, "percent_statements_covered": 92.1875, "percent_statements_covered_display": "92"}, "missing_lines": [505, 507, 527, 528, 530], "excluded_lines": [], "start_line": 1}}, "classes": {"MessageType": {"executed_lines": [], "summary": {"covered_lines": 0, "num_statements": 0, "percent_covered": 100.0, "percent_covered_display": "100", "missing_lines": 0, "excluded_lines": 0, "percent_statements_covered": 100.0, "percent_statements_covered_display": "100"}, "missing_lines": [], "excluded_lines": [], "start_line": 20}, "ChatType": {"executed_lines": [], "summary": {"covered_lines": 0, "num_statements": 0, "percent_covered": 100.0, "percent_covered_display": "100", "missing_lines": 0, "excluded_lines": 0, "percent_statements_covered": 100.0, "percent_statements_covered_display": "100"}, "missing_lines": [], "excluded_lines": [], "start_line": 30}, "WeChatMessage": {"executed_lines": [], "summary": {"covered_lines": 0, "num_statements": 2, "percent_covered": 0.0, "percent_covered_display": "0", "missing_lines": 2, "excluded_lines": 0, "percent_statements_covered": 0.0, "percent_statements_covered_display": "0"}, "missing_lines": [55, 73], "excluded_lines": [], "start_line": 38}, "OpenClawResponse": {"executed_lines": [], "summary": {"covered_lines": 0, "num_statements": 6, "percent_covered": 0.0, "percent_covered_display": "0", "missing_lines": 6, "excluded_lines": 0, "percent_statements_covered": 0.0, "percent_statements_covered_display": "0"}, "missing_lines": [102, 103, 104, 112, 113, 114], "excluded_lines": [], "start_line": 90}, "OpenClawClient": {"executed_lines": [], "summary": {"covered_lines": 0, "num_statements": 103, "percent_covered": 0.0, "percent_covered_display": "0", "missing_lines": 103, "excluded_lines": 0, "percent_statements_covered": 0.0, "percent_statements_covered_display": "0"}, "missing_lines": [142, 143, 144, 147, 148, 151, 154, 157, 160, 161, 162, 171, 172, 174, 176, 182, 183, 186, 188, 190, 191, 192, 193, 197, 198, 199, 200, 201, 205, 223, 224, 243, 245, 248, 256, 264, 265, 268, 269, 272, 277, 279, 280, 281, 285, 286, 287, 302, 310, 324, 325, 335, 336, 349, 350, 351, 352, 353, 355, 356, 357, 358, 360, 370, 371, 373, 381, 382, 384, 386, 387, 388, 389, 390, 391, 392, 393, 394, 395, 397, 398, 399, 401, 402, 403, 404, 405, 407, 416, 418, 420, 421, 422, 425, 431, 433, 434, 435, 436, 438, 440, 442, 445], "excluded_lines": [], "start_line": 117}, "OpenClawClientSync": {"executed_lines": [], "summary": {"covered_lines": 0, "num_statements": 13, "percent_covered": 0.0, "percent_covered_display": "0", "missing_lines": 13, "excluded_lines": 0, "percent_statements_covered": 0.0, "percent_statements_covered_display": "0"}, "missing_lines": [456, 457, 458, 459, 463, 464, 465, 466, 467, 468, 469, 473, 474], "excluded_lines": [], "start_line": 448}, "": {"executed_lines": [8, 9, 10, 11, 12, 13, 14, 15, 17, 20, 22, 23, 24, 25, 26, 27, 30, 32, 33, 34, 37, 38, 47, 48, 49, 50, 51, 53, 70, 71, 89, 90, 93, 94, 95, 96, 97, 99, 100, 117, 128, 164, 195, 203, 226, 292, 316, 327, 338, 362, 375, 409, 448, 455, 461, 471, 480, 483, 503], "summary": {"covered_lines": 59, "num_statements": 74, "percent_covered": 79.72972972972973, "percent_covered_display": "80", "missing_lines": 15, "excluded_lines": 0, "percent_statements_covered": 79.72972972972973, "percent_statements_covered_display": "80"}, "missing_lines": [498, 499, 500, 505, 507, 508, 511, 512, 515, 521, 523, 525, 527, 528, 530], "excluded_lines": [], "start_line": 1}}}, "config\\wechat_config.py": {"executed_lines": [18, 21, 26, 28, 29, 30, 31, 32, 34, 36, 37, 38, 39, 40, 41, 42, 43, 44, 45, 46, 48, 49, 51, 53, 54, 55, 56, 57, 59, 60, 62, 64, 65, 66, 67, 68, 70, 71, 73, 75, 76, 77, 79, 81, 82, 84, 86, 87, 88, 89, 90, 92, 93, 95, 97, 98, 99, 101, 103, 104, 106, 108, 109, 110, 112, 114, 115, 117, 119, 120, 121, 123, 125, 126, 128, 130, 131, 132, 134, 135, 137, 139, 140, 141, 143, 145, 146, 148, 150, 151, 152, 154, 156, 157, 159, 161, 162, 163, 165, 167, 169, 183, 184, 186, 187, 188, 189, 190, 192, 194, 198], "summary": {"covered_lines": 111, "num_statements": 118, "percent_covered": 94.0677966101695, "percent_covered_display": "94", "missing_lines": 7, "excluded_lines": 0, "percent_statements_covered": 94.0677966101695, "percent_statements_covered_display": "94"}, "missing_lines": [78, 100, 111, 122, 142, 153, 164], "excluded_lines": [], "functions": {"WeChatConfig.__new__": {"executed_lines": [29, 30, 31, 32], "summary": {"covered_lines": 4, "num_statements": 4, "percent_covered": 100.0, "percent_covered_display": "100", "missing_lines": 0, "excluded_lines": 0, "percent_statements_covered": 100.0, "percent_statements_covered_display": "100"}, "missing_lines": [], "excluded_lines": [], "start_line": 28}, "WeChatConfig._initialize_defaults": {"executed_lines": [36, 37, 38, 39, 40, 41, 42, 43, 44, 45, 46], "summary": {"covered_lines": 11, "num_statements": 11, "percent_covered": 100.0, "percent_covered_display": "100", "missing_lines": 0, "excluded_lines": 0, "percent_statements_covered": 100.0, "percent_statements_covered_display": "100"}, "missing_lines": [], "excluded_lines": [], "start_line": 34}, "WeChatConfig.is_maximize": {"executed_lines": [55, 56, 57], "summary": {"covered_lines": 3, "num_statements": 3, "percent_covered": 100.0, "percent_covered_display": "100", "missing_lines": 0, "excluded_lines": 0, "percent_statements_covered": 100.0, "percent_statements_covered_display": "100"}, "missing_lines": [], "excluded_lines": [], "start_line": 54}, "WeChatConfig.window_size": {"executed_lines": [66, 67, 68], "summary": {"covered_lines": 3, "num_statements": 3, "percent_covered": 100.0, "percent_covered_display": "100", "missing_lines": 0, "excluded_lines": 0, "percent_statements_covered": 100.0, "percent_statements_covered_display": "100"}, "missing_lines": [], "excluded_lines": [], "start_line": 65}, "WeChatConfig.close_wechat": {"executed_lines": [77, 79], "summary": {"covered_lines": 2, "num_statements": 3, "percent_covered": 66.66666666666667, "percent_covered_display": "67", "missing_lines": 1, "excluded_lines": 0, "percent_statements_covered": 66.66666666666667, "percent_statements_covered_display": "67"}, "missing_lines": [78], "excluded_lines": [], "start_line": 76}, "WeChatConfig.load_delay": {"executed_lines": [88, 89, 90], "summary": {"covered_lines": 3, "num_statements": 3, "percent_covered": 100.0, "percent_covered_display": "100", "missing_lines": 0, "excluded_lines": 0, "percent_statements_covered": 100.0, "percent_statements_covered_display": "100"}, "missing_lines": [], "excluded_lines": [], "start_line": 87}, "WeChatConfig.search_pages": {"executed_lines": [99, 101], "summary": {"covered_lines": 2, "num_statements": 3, "percent_covered": 66.66666666666667, "percent_covered_display": "67", "missing_lines": 1, "excluded_lines": 0, "percent_statements_covered": 66.66666666666667, "percent_statements_covered_display": "67"}, "missing_lines": [100], "excluded_lines": [], "start_line": 98}, "WeChatConfig.window_maximize": {"executed_lines": [110, 112], "summary": {"covered_lines": 2, "num_statements": 3, "percent_covered": 66.66666666666667, "percent_covered_display": "67", "missing_lines": 1, "excluded_lines": 0, "percent_statements_covered": 66.66666666666667, "percent_statements_covered_display": "67"}, "missing_lines": [111], "excluded_lines": [], "start_line": 109}, "WeChatConfig.send_delay": {"executed_lines": [121, 123], "summary": {"covered_lines": 2, "num_statements": 3, "percent_covered": 66.66666666666667, "percent_covered_display": "67", "missing_lines": 1, "excluded_lines": 0, "percent_statements_covered": 66.66666666666667, "percent_statements_covered_display": "67"}, "missing_lines": [122], "excluded_lines": [], "start_line": 120}, "WeChatConfig.wechat_path": {"executed_lines": [132], "summary": {"covered_lines": 1, "num_statements": 1, "percent_covered": 100.0, "percent_covered_display": "100", "missing_lines": 0, "excluded_lines": 0, "percent_statements_covered": 100.0, "percent_statements_covered_display": "100"}, "missing_lines": [], "excluded_lines": [], "start_line": 131}, "WeChatConfig.auto_login": {"executed_lines": [141, 143], "summary": {"covered_lines": 2, "num_statements": 3, "percent_covered": 66.66666666666667, "percent_covered_display": "67", "missing_lines": 1, "excluded_lines": 0, "percent_statements_covered": 66.66666666666667, "percent_statements_covered_display": "67"}, "missing_lines": [142], "excluded_lines": [], "start_line": 140}, "WeChatConfig.retry_count": {"executed_lines": [152, 154], "summary": {"covered_lines": 2, "num_statements": 3, "percent_covered": 66.66666666666667, "percent_covered_display": "67", "missing_lines": 1, "excluded_lines": 0, "percent_statements_covered": 66.66666666666667, "percent_statements_covered_display": "67"}, "missing_lines": [153], "excluded_lines": [], "start_line": 151}, "WeChatConfig.screenshot_on_error": {"executed_lines": [163, 165], "summary": {"covered_lines": 2, "num_statements": 3, "percent_covered": 66.66666666666667, "percent_covered_display": "67", "missing_lines": 1, "excluded_lines": 0, "percent_statements_covered": 66.66666666666667, "percent_statements_covered_display": "67"}, "missing_lines": [164], "excluded_lines": [], "start_line": 162}, "WeChatConfig.to_dict": {"executed_lines": [169], "summary": {"covered_lines": 1, "num_statements": 1, "percent_covered": 100.0, "percent_covered_display": "100", "missing_lines": 0, "excluded_lines": 0, "percent_statements_covered": 100.0, "percent_statements_covered_display": "100"}, "missing_lines": [], "excluded_lines": [], "start_line": 167}, "WeChatConfig.from_dict": {"executed_lines": [186, 187, 188, 189, 190], "summary": {"covered_lines": 5, "num_statements": 5, "percent_covered": 100.0, "percent_covered_display": "100", "missing_lines": 0, "excluded_lines": 0, "percent_statements_covered": 100.0, "percent_statements_covered_display": "100"}, "missing_lines": [], "excluded_lines": [], "start_line": 184}, "WeChatConfig.reset": {"executed_lines": [194], "summary": {"covered_lines": 1, "num_statements": 1, "percent_covered": 100.0, "percent_covered_display": "100", "missing_lines": 0, "excluded_lines": 0, "percent_statements_covered": 100.0, "percent_statements_covered_display": "100"}, "missing_lines": [], "excluded_lines": [], "start_line": 192}, "": {"executed_lines": [18, 21, 26, 28, 34, 48, 49, 53, 54, 59, 60, 64, 65, 70, 71, 75, 76, 81, 82, 86, 87, 92, 93, 97, 98, 103, 104, 108, 109, 114, 115, 119, 120, 125, 126, 130, 131, 134, 135, 139, 140, 145, 146, 150, 151, 156, 157, 161, 162, 167, 183, 184, 192, 198], "summary": {"covered_lines": 54, "num_statements": 54, "percent_covered": 100.0, "percent_covered_display": "100", "missing_lines": 0, "excluded_lines": 0, "percent_statements_covered": 100.0, "percent_statements_covered_display": "100"}, "missing_lines": [], "excluded_lines": [], "start_line": 1}}, "classes": {"WeChatConfig": {"executed_lines": [29, 30, 31, 32, 36, 37, 38, 39, 40, 41, 42, 43, 44, 45, 46, 51, 55, 56, 57, 62, 66, 67, 68, 73, 77, 79, 84, 88, 89, 90, 95, 99, 101, 106, 110, 112, 117, 121, 123, 128, 132, 137, 141, 143, 148, 152, 154, 159, 163, 165, 169, 186, 187, 188, 189, 190, 194], "summary": {"covered_lines": 57, "num_statements": 64, "percent_covered": 89.0625, "percent_covered_display": "89", "missing_lines": 7, "excluded_lines": 0, "percent_statements_covered": 89.0625, "percent_statements_covered_display": "89"}, "missing_lines": [78, 100, 111, 122, 142, 153, 164], "excluded_lines": [], "start_line": 21}, "": {"executed_lines": [18, 21, 26, 28, 34, 48, 49, 53, 54, 59, 60, 64, 65, 70, 71, 75, 76, 81, 82, 86, 87, 92, 93, 97, 98, 103, 104, 108, 109, 114, 115, 119, 120, 125, 126, 130, 131, 134, 135, 139, 140, 145, 146, 150, 151, 156, 157, 161, 162, 167, 183, 184, 192, 198], "summary": {"covered_lines": 54, "num_statements": 54, "percent_covered": 100.0, "percent_covered_display": "100", "missing_lines": 0, "excluded_lines": 0, "percent_statements_covered": 100.0, "percent_statements_covered_display": "100"}, "missing_lines": [], "excluded_lines": [], "start_line": 1}}}, "core\\__init__.py": {"executed_lines": [7, 17, 24, 25, 38, 39], "summary": {"covered_lines": 6, "num_statements": 7, "percent_covered": 85.71428571428571, "percent_covered_display": "86", "missing_lines": 1, "excluded_lines": 0, "percent_statements_covered": 85.71428571428571, "percent_statements_covered_display": "86"}, "missing_lines": [26], "excluded_lines": [], "functions": {"": {"executed_lines": [7, 17, 24, 25, 38, 39], "summary": {"covered_lines": 6, "num_statements": 7, "percent_covered": 85.71428571428571, "percent_covered_display": "86", "missing_lines": 1, "excluded_lines": 0, "percent_statements_covered": 85.71428571428571, "percent_statements_covered_display": "86"}, "missing_lines": [26], "excluded_lines": [], "start_line": 1}}, "classes": {"": {"executed_lines": [7, 17, 24, 25, 38, 39], "summary": {"covered_lines": 6, "num_statements": 7, "percent_covered": 85.71428571428571, "percent_covered_display": "86", "missing_lines": 1, "excluded_lines": 0, "percent_statements_covered": 85.71428571428571, "percent_statements_covered_display": "86"}, "missing_lines": [26], "excluded_lines": [], "start_line": 1}}}, "core\\exceptions.py": {"executed_lines": [31, 32, 36, 37, 38, 39, 40, 47, 49, 50, 51, 58, 75, 77, 80, 82, 85, 87, 95, 97, 98, 101, 103, 107, 109, 117, 119, 120, 123, 125, 129, 131, 135, 137, 145, 147, 148, 151, 153, 157, 159, 163, 165, 169, 171, 179, 181, 185, 187, 195, 197, 205, 207, 215, 217, 225, 227, 235, 237, 245, 247, 255, 280, 290, 294], "summary": {"covered_lines": 65, "num_statements": 97, "percent_covered": 67.01030927835052, "percent_covered_display": "67", "missing_lines": 32, "excluded_lines": 0, "percent_statements_covered": 67.01030927835052, "percent_statements_covered_display": "67"}, "missing_lines": [33, 34, 35, 59, 61, 62, 64, 66, 67, 69, 71, 72, 78, 83, 88, 104, 110, 126, 132, 138, 154, 160, 166, 172, 182, 188, 198, 208, 218, 228, 238, 248], "excluded_lines": [], "functions": {"WeChatError.__init__": {"executed_lines": [50, 51], "summary": {"covered_lines": 2, "num_statements": 2, "percent_covered": 100.0, "percent_covered_display": "100", "missing_lines": 0, "excluded_lines": 0, "percent_statements_covered": 100.0, "percent_statements_covered_display": "100"}, "missing_lines": [], "excluded_lines": [], "start_line": 49}, "ElementNotFoundError.__init__": {"executed_lines": [], "summary": {"covered_lines": 0, "num_statements": 1, "percent_covered": 0.0, "percent_covered_display": "0", "missing_lines": 1, "excluded_lines": 0, "percent_statements_covered": 0.0, "percent_statements_covered_display": "0"}, "missing_lines": [62], "excluded_lines": [], "start_line": 61}, "TimeoutError.__init__": {"executed_lines": [], "summary": {"covered_lines": 0, "num_statements": 1, "percent_covered": 0.0, "percent_covered_display": "0", "missing_lines": 1, "excluded_lines": 0, "percent_statements_covered": 0.0, "percent_statements_covered_display": "0"}, "missing_lines": [67], "excluded_lines": [], "start_line": 66}, "NoPatternInterfaceError.__init__": {"executed_lines": [], "summary": {"covered_lines": 0, "num_statements": 1, "percent_covered": 0.0, "percent_covered_display": "0", "missing_lines": 1, "excluded_lines": 0, "percent_statements_covered": 0.0, "percent_statements_covered_display": "0"}, "missing_lines": [72], "excluded_lines": [], "start_line": 71}, "WeChatNotStartError.__init__": {"executed_lines": [98], "summary": {"covered_lines": 1, "num_statements": 1, "percent_covered": 100.0, "percent_covered_display": "100", "missing_lines": 0, "excluded_lines": 0, "percent_statements_covered": 100.0, "percent_statements_covered_display": "100"}, "missing_lines": [], "excluded_lines": [], "start_line": 97}, "NetWorkNotConnectError.__init__": {"executed_lines": [], "summary": {"covered_lines": 0, "num_statements": 1, "percent_covered": 0.0, "percent_covered_display": "0", "missing_lines": 1, "excluded_lines": 0, "percent_statements_covered": 0.0, "percent_statements_covered_display": "0"}, "missing_lines": [104], "excluded_lines": [], "start_line": 103}, "ScanCodeToLogInError.__init__": {"executed_lines": [], "summary": {"covered_lines": 0, "num_statements": 1, "percent_covered": 0.0, "percent_covered_display": "0", "missing_lines": 1, "excluded_lines": 0, "percent_statements_covered": 0.0, "percent_statements_covered_display": "0"}, "missing_lines": [110], "excluded_lines": [], "start_line": 109}, "EmptyFileError.__init__": {"executed_lines": [120], "summary": {"covered_lines": 1, "num_statements": 1, "percent_covered": 100.0, "percent_covered_display": "100", "missing_lines": 0, "excluded_lines": 0, "percent_statements_covered": 100.0, "percent_statements_covered_display": "100"}, "missing_lines": [], "excluded_lines": [], 
[...]
.0, "percent_statements_covered_display": "0"}, "missing_lines": [519, 520, 521, 522, 525, 528, 529, 531, 532, 533, 535, 536, 539, 540, 541, 543, 544, 545, 546, 547, 549, 550, 551, 554, 555, 556, 558, 559, 560, 562, 563, 564], "excluded_lines": [], "start_line": 517}, "main": {"executed_lines": [], "summary": {"covered_lines": 0, "num_statements": 60, "percent_covered": 0.0, "percent_covered_display": "0", "missing_lines": 60, "excluded_lines": 0, "percent_statements_covered": 0.0, "percent_statements_covered_display": "0"}, "missing_lines": [574, 575, 578, 580, 582, 583, 585, 587, 588, 589, 590, 592, 594, 596, 597, 598, 599, 601, 603, 604, 605, 607, 608, 609, 611, 612, 613, 615, 617, 618, 619, 621, 623, 625, 626, 627, 628, 630, 632, 634, 635, 636, 637, 638, 639, 640, 642, 644, 646, 649, 650, 651, 652, 653, 654, 656, 657, 658, 659, 660], "excluded_lines": [], "start_line": 572}, "": {"executed_lines": [], "summary": {"covered_lines": 0, "num_statements": 36, "percent_covered": 0.0, "percent_covered_display": "0", "missing_lines": 36, "excluded_lines": 0, "percent_statements_covered": 0.0, "percent_statements_covered_display": "0"}, "missing_lines": [9, 10, 11, 12, 13, 14, 15, 16, 17, 18, 19, 20, 22, 25, 27, 30, 50, 73, 99, 148, 169, 208, 228, 267, 324, 343, 356, 395, 412, 425, 451, 517, 568, 572, 663, 664], "excluded_lines": [], "start_line": 1}}, "classes": {"WXWorkSender": {"executed_lines": [], "summary": {"covered_lines": 0, "num_statements": 313, "percent_covered": 0.0, "percent_covered_display": "0", "missing_lines": 313, "excluded_lines": 0, "percent_statements_covered": 0.0, "percent_statements_covered_display": "0"}, "missing_lines": [32, 35, 36, 39, 42, 43, 44, 47, 48, 52, 53, 56, 57, 58, 61, 62, 63, 65, 66, 67, 69, 70, 71, 75, 76, 77, 78, 79, 80, 81, 82, 83, 85, 86, 87, 90, 91, 92, 93, 95, 96, 97, 101, 102, 103, 104, 107, 108, 111, 113, 114, 115, 118, 119, 120, 121, 124, 126, 127, 129, 130, 131, 134, 135, 136, 137, 139, 140, 142, 144, 145, 146, 150, 152, 155, 156, 158, 165, 167, 171, 173, 174, 175, 176, 177, 178, 180, 183, 184, 187, 188, 189, 192, 193, 196, 199, 201, 202, 204, 205, 206, 210, 211, 213, 215, 217, 218, 220, 221, 222, 223, 224, 225, 226, 230, 231, 234, 235, 238, 239, 242, 243, 244, 247, 248, 249, 250, 251, 254, 255, 258, 260, 261, 263, 264, 265, 269, 270, 273, 274, 275, 276, 279, 280, 283, 287, 288, 290, 291, 293, 294, 295, 298, 299, 302, 303, 304, 307, 308, 309, 310, 314, 315, 317, 318, 320, 321, 322, 326, 327, 328, 330, 331, 339, 340, 341, 345, 346, 347, 348, 349, 350, 351, 352, 353, 354, 358, 359, 362, 365, 366, 367, 370, 371, 372, 373, 376, 377, 378, 379, 382, 383, 384, 386, 387, 389, 390, 391, 393, 397, 398, 399, 401, 402, 403, 405, 406, 408, 409, 410, 414, 415, 416, 418, 419, 421, 422, 423, 427, 428, 431, 432, 438, 439, 445, 447, 448, 449, 453, 454, 455, 456, 458, 459, 460, 461, 464, 465, 468, 470, 471, 472, 474, 475, 476, 477, 479, 481, 484, 485, 486, 487, 488, 490, 491, 494, 495, 496, 498, 499, 500, 502, 503, 504, 506, 507, 510, 511, 512, 514, 515, 519, 520, 521, 522, 525, 528, 529, 531, 532, 533, 535, 536, 539, 540, 541, 543, 544, 545, 546, 547, 549, 550, 551, 554, 555, 556, 558, 559, 560, 562, 563, 564], "excluded_lines": [], "start_line": 27}, "": {"executed_lines": [], "summary": {"covered_lines": 0, "num_statements": 96, "percent_covered": 0.0, "percent_covered_display": "0", "missing_lines": 96, "excluded_lines": 0, "percent_statements_covered": 0.0, "percent_statements_covered_display": "0"}, "missing_lines": [9, 10, 11, 12, 13, 14, 15, 16, 17, 18, 19, 20, 22, 25, 27, 30, 50, 73, 99, 148, 169, 208, 228, 267, 324, 343, 356, 395, 412, 425, 451, 517, 568, 572, 574, 575, 578, 580, 582, 583, 585, 587, 588, 589, 590, 592, 594, 596, 597, 598, 599, 601, 603, 604, 605, 607, 608, 609, 611, 612, 613, 615, 617, 618, 619, 621, 623, 625, 626, 627, 628, 630, 632, 634, 635, 636, 637, 638, 639, 640, 642, 644, 646, 649, 650, 651, 652, 653, 654, 656, 657, 658, 659, 660, 663, 664], "excluded_lines": [], "start_line": 1}}}, "wxwork_sender_fixed.py": {"executed_lines": [], "summary": {"covered_lines": 0, "num_statements": 185, "percent_covered": 0.0, "percent_covered_display": "0", "missing_lines": 185, "excluded_lines": 0, "percent_statements_covered": 0.0, "percent_statements_covered_display": "0"}, "missing_lines": [8, 9, 10, 11, 12, 13, 14, 15, 16, 17, 18, 19, 24, 25, 26, 27, 29, 30, 31, 32, 34, 36, 39, 41, 43, 44, 47, 48, 49, 52, 53, 56, 57, 59, 61, 62, 63, 66, 69, 70, 71, 72, 73, 74, 77, 78, 79, 80, 81, 82, 84, 85, 86, 88, 89, 90, 91, 92, 94, 95, 97, 99, 100, 101, 103, 105, 106, 107, 108, 109, 110, 112, 113, 114, 115, 116, 117, 119, 120, 121, 124, 125, 126, 128, 129, 130, 131, 133, 134, 135, 137, 139, 140, 141, 142, 145, 146, 149, 151, 152, 153, 155, 158, 160, 161, 162, 165, 166, 168, 169, 171, 172, 174, 175, 176, 178, 182, 183, 186, 187, 190, 191, 193, 194, 195, 196, 199, 200, 203, 204, 206, 207, 208, 209, 210, 211, 213, 214, 215, 218, 219, 220, 222, 224, 226, 228, 229, 230, 233, 234, 235, 238, 239, 240, 242, 243, 244, 246, 248, 250, 253, 254, 257, 259, 267, 268, 270, 274, 275, 276, 277, 280, 282, 283, 288, 289, 291, 292, 293, 296, 297, 299, 300, 301, 305], "excluded_lines": [], "functions": {"MessageSenderInterface.__init__": {"executed_lines": [], "summary": {"covered_lines": 0, "num_statements": 2, "percent_covered": 0.0, "percent_covered_display": "0", "missing_lines": 2, "excluded_lines": 0, "percent_statements_covered": 0.0, "percent_statements_covered_display": "0"}, "missing_lines": [26, 27], "excluded_lines": [], "start_line": 25}, "SendResult.__init__": {"executed_lines": [], "summary": {"covered_lines": 0, "num_statements": 2, "percent_covered": 0.0, "percent_covered_display": "0", "missing_lines": 2, "excluded_lines": 0, "percent_statements_covered": 0.0, "percent_statements_covered_display": "0"}, "missing_lines": [31, 32], "excluded_lines": [], "start_line": 30}, "WXWorkSenderFixed.__init__": {"executed_lines": [], "summary": {"covered_lines": 0, "num_statements": 10, "percent_covered": 0.0, "percent_covered_display": "0", "missing_lines": 10, "excluded_lines": 0, "percent_statements_covered": 0.0, "percent_statements_covered_display": "0"}, "missing_lines": [41, 43, 44, 47, 48, 49, 52, 53, 56, 57], "excluded_lines": [], "start_line": 39}, "WXWorkSenderFixed.initialize": {"executed_lines": [], "summary": {"covered_lines": 0, "num_statements": 26, "percent_covered": 0.0, "percent_covered_display": "0", "missing_lines": 26, "excluded_lines": 0, "percent_statements_covered": 0.0, "percent_statements_covered_display": "0"}, "missing_lines": [61, 62, 63, 66, 69, 70, 71, 72, 73, 74, 77, 78, 79, 80, 81, 82, 84, 85, 86, 88, 89, 90, 91, 92, 94, 95], "excluded_lines": [], "start_line": 59}, "WXWorkSenderFixed._reset_state": {"executed_lines": [], "summary": {"covered_lines": 0, "num_statements": 3, "percent_covered": 0.0, "percent_covered_display": "0", "missing_lines": 3, "excluded_lines": 0, "percent_statements_covered": 0.0, "percent_statements_covered_display": "0"}, "missing_lines": [99, 100, 101], "excluded_lines": [], "start_line": 97}, "WXWorkSenderFixed.find_target_process": {"executed_lines": [], "summary": {"covered_lines": 0, "num_statements": 25, "percent_covered": 0.0, "percent_covered_display": "0", "missing_lines": 25, "excluded_lines": 0, "percent_statements_covered": 0.0, "percent_statements_covered_display": "0"}, "missing_lines": [105, 106, 107, 108, 109, 110, 112, 113, 114, 115, 116, 117, 119, 120, 121, 124, 125, 126, 128, 129, 130, 131, 133, 134, 135], "excluded_lines": [], "start_line": 103}, "WXWorkSenderFixed._find_wxwork_windows_enhanced": {"executed_lines": [], "summary": {"covered_lines": 0, "num_statements": 24, "percent_covered": 0.0, "percent_covered_display": "0", "missing_lines": 24, "excluded_lines": 0, "percent_statements_covered": 0.0, "percent_statements_covered_display": "0"}, "missing_lines": [139, 140, 141, 142, 145, 146, 149, 151, 152, 153, 155, 158, 160, 161, 162, 165, 166, 168, 169, 171, 172, 174, 175, 176], "excluded_lines": [], "start_line": 137}, "WXWorkSenderFixed._find_main_window_multi_strategy": {"executed_lines": [], "summary": {"covered_lines": 0, "num_statements": 27, "percent_covered": 0.0, "percent_covered_display": "0", "missing_lines": 27, "excluded_lines": 0, "percent_statements_covered": 0.0, "percent_statements_covered_display": "0"}, "missing_lines": [182, 183, 186, 187, 190, 191, 193, 194, 195, 196, 199, 200, 203, 204, 206, 207, 208, 209, 210, 211, 213, 214, 215, 218, 219, 220, 222], "excluded_lines": [], "start_line": 178}, "WXWorkSenderFixed._validate_window": {"executed_lines": [], "summary": {"covered_lines": 0, "num_statements": 13, "percent_covered": 0.0, "percent_covered_display": "0", "missing_lines": 13, "excluded_lines": 0, "percent_statements_covered": 0.0, "percent_statements_covered_display": "0"}, "missing_lines": [226, 228, 229, 230, 233, 234, 235, 238, 239, 240, 242, 243, 244], "excluded_lines": [], "start_line": 224}, "WXWorkSenderFixed._enum_windows_callback": {"executed_lines": [], "summary": {"covered_lines": 0, "num_statements": 8, "percent_covered": 0.0, "percent_covered_display": "0", "missing_lines": 8, "excluded_lines": 0, "percent_statements_covered": 0.0, "percent_statements_covered_display": "0"}, "missing_lines": [248, 250, 253, 254, 257, 259, 267, 268], "excluded_lines": [], "start_line": 246}, "WXWorkSenderFixed.send_message": {"executed_lines": [], "summary": {"covered_lines": 0, "num_statements": 12, "percent_covered": 0.0, "percent_covered_display": "0", "missing_lines": 12, "excluded_lines": 0, "percent_statements_covered": 0.0, "percent_statements_covered_display": "0"}, "missing_lines": [274, 275, 276, 277, 280, 282, 283, 288, 289, 291, 292, 293], "excluded_lines": [], "start_line": 270}, "": {"executed_lines": [], "summary": {"covered_lines": 0, "num_statements": 33, "percent_covered": 0.0, "percent_covered_display": "0", "missing_lines": 33, "excluded_lines": 0, "percent_statements_covered": 0.0, "percent_statements_covered_display": "0"}, "missing_lines": [8, 9, 10, 11, 12, 13, 14, 15, 16, 17, 18, 19, 24, 25, 29, 30, 34, 36, 39, 59, 97, 103, 137, 178, 224, 246, 270, 296, 297, 299, 300, 301, 305], "excluded_lines": [], "start_line": 1}}, "classes": {"MessageSenderInterface": {"executed_lines": [], "summary": {"covered_lines": 0, "num_statements": 2, "percent_covered": 0.0, "percent_covered_display": "0", "missing_lines": 2, "excluded_lines": 0, "percent_statements_covered": 0.0, "percent_statements_covered_display": "0"}, "missing_lines": [26, 27], "excluded_lines": [], "start_line": 24}, "SendResult": {"executed_lines": [], "summary": {"covered_lines": 0, "num_statements": 2, "percent_covered": 0.0, "percent_covered_display": "0", "missing_lines": 2, "excluded_lines": 0, "percent_statements_covered": 0.0, "percent_statements_covered_display": "0"}, "missing_lines": [31, 32], "excluded_lines": [], "start_line": 29}, "WXWorkSenderFixed": {"executed_lines": [], "summary": {"covered_lines": 0, "num_statements": 148, "percent_covered": 0.0, "percent_covered_display": "0", "missing_lines": 148, "excluded_lines": 0, "percent_statements_covered": 0.0, "percent_statements_covered_display": "0"}, "missing_lines": [41, 43, 44, 47, 48, 49, 52, 53, 56, 57, 61, 62, 63, 66, 69, 70, 71, 72, 73, 74, 77, 78, 79, 80, 81, 82, 84, 85, 86, 88, 89, 90, 91, 92, 94, 95, 99, 100, 101, 105, 106, 107, 108, 109, 110, 112, 113, 114, 115, 116, 117, 119, 120, 121, 124, 125, 126, 128, 129, 130, 131, 133, 134, 135, 139, 140, 141, 142, 145, 146, 149, 151, 152, 153, 155, 158, 160, 161, 162, 165, 166, 168, 169, 171, 172, 174, 175, 176, 182, 183, 186, 187, 190, 191, 193, 194, 195, 196, 199, 200, 203, 204, 206, 207, 208, 209, 210, 211, 213, 214, 215, 218, 219, 220, 222, 226, 228, 229, 230, 233, 234, 235, 238, 239, 240, 242, 243, 244, 248, 250, 253, 254, 257, 259, 267, 268, 274, 275, 276, 277, 280, 282, 283, 288, 289, 291, 292, 293], "excluded_lines": [], "start_line": 36}, "": {"executed_lines": [], "summary": {"covered_lines": 0, "num_statements": 33, "percent_covered": 0.0, "percent_covered_display": "0", "missing_lines": 33, "excluded_lines": 0, "percent_statements_covered": 0.0, "percent_statements_covered_display": "0"}, "missing_lines": [8, 9, 10, 11, 12, 13, 14, 15, 16, 17, 18, 19, 24, 25, 29, 30, 34, 36, 39, 59, 97, 103, 137, 178, 224, 246, 270, 296, 297, 299, 300, 301, 305], "excluded_lines": [], "start_line": 1}}}, "wxwork_sender_robust.py": {"executed_lines": [], "summary": {"covered_lines": 0, "num_statements": 177, "percent_covered": 0.0, "percent_covered_display": "0", "missing_lines": 177, "excluded_lines": 0, "percent_statements_covered": 0.0, "percent_statements_covered_display": "0"}, "missing_lines": [7, 8, 9, 10, 11, 12, 13, 14, 15, 16, 17, 18, 19, 21, 23, 26, 28, 31, 34, 35, 38, 40, 42, 43, 46, 47, 48, 49, 50, 51, 52, 57, 58, 59, 61, 62, 63, 66, 67, 70, 71, 72, 73, 74, 75, 76, 78, 84, 85, 87, 88, 90, 93, 96, 97, 100, 103, 104, 105, 106, 109, 110, 111, 112, 114, 115, 116, 119, 120, 123, 124, 125, 127, 128, 130, 131, 132, 134, 136, 137, 140, 141, 142, 145, 146, 149, 150, 151, 154, 155, 156, 157, 160, 161, 162, 163, 165, 166, 167, 169, 170, 171, 172, 175, 176, 179, 180, 181, 182, 183, 184, 186, 187, 188, 190, 192, 193, 194, 197, 198, 199, 200, 203, 204, 205, 208, 211, 214, 216, 219, 220, 223, 226, 229, 230, 231, 234, 237, 240, 243, 246, 247, 248, 250, 251, 253, 254, 255, 257, 259, 260, 261, 262, 265, 268, 269, 270, 272, 274, 276, 278, 280, 282, 283, 286, 287, 288, 290, 292, 294, 295, 296, 299, 300, 301, 303, 305], "excluded_lines": [], "functions": {"WXWorkSenderRobust.__init__": {"executed_lines": [], "summary": {"covered_lines": 0, "num_statements": 5, "percent_covered": 0.0, "percent_covered_display": "0", "missing_lines": 5, "excluded_lines": 0, "percent_statements_covered": 0.0, "percent_statements_covered_display": "0"}, "missing_lines": [28, 31, 34, 35, 38], "excluded_lines": [], "start_line": 26}, "WXWorkSenderRobust.find_wxwork_window": {"executed_lines": [], "summary": {"covered_lines": 0, "num_statements": 46, "percent_covered": 0.0, "percent_covered_display": "0", "missing_lines": 46, "excluded_lines": 0, "percent_statements_covered": 0.0, "percent_statements_covered_display": "0"}, "missing_lines": [42, 43, 46, 47, 48, 49, 50, 51, 52, 57, 58, 59, 61, 62, 63, 66, 67, 70, 87, 88, 90, 93, 96, 97, 100, 103, 104, 105, 106, 109, 110, 111, 112, 114, 115, 116, 119, 120, 123, 124, 125, 127, 128, 130, 131, 132], "excluded_lines": [], "start_line": 40}, "WXWorkSenderRobust.find_wxwork_window.enum_windows_callback": {"executed_lines": [], "summary": {"covered_lines": 0, "num_statements": 9, "percent_covered": 0.0, "percent_covered_display": "0", "missing_lines": 9, "excluded_lines": 0, "percent_statements_covered": 0.0, "percent_statements_covered_display": "0"}, "missing_lines": [71, 72, 73, 74, 75, 76, 78, 84, 85], "excluded_lines": [], "start_line": 70}, "WXWorkSenderRobust.activate_window": {"executed_lines": [], "summary": {"covered_lines": 0, "num_statements": 36, "percent_covered": 0.0, "percent_covered_display": "0", "missing_lines": 36, "excluded_lines": 0, "percent_statements_covered": 0.0, "percent_statements_covered_display": "0"}, "missing_lines": [136, 137, 140, 141, 142, 145, 146, 149, 150, 151, 154, 155, 156, 157, 160, 161, 162, 163, 165, 166, 167, 169, 170, 171, 172, 175, 176, 179, 180, 181, 182, 183, 184, 186, 187, 188], "excluded_lines": [], "start_line": 134}, "WXWorkSenderRobust.send_message": {"executed_lines": [], "summary": {"covered_lines": 0, "num_statements": 33, "percent_covered": 0.0, "percent_covered_display": "0", "missing_lines": 33, "excluded_lines": 0, "percent_statements_covered": 0.0, "percent_statements_covered_display": "0"}, "missing_lines": [192, 193, 194, 197, 198, 199, 200, 203, 204, 205, 208, 211, 214, 216, 219, 220, 223, 226, 229, 230, 231, 234, 237, 240, 243, 246, 247, 248, 250, 251, 253, 254, 255], "excluded_lines": [], "start_line": 190}, "WXWorkSenderRobust.test_connection": {"executed_lines": [], "summary": {"covered_lines": 0, "num_statements": 4, "percent_covered": 0.0, "percent_covered_display": "0", "missing_lines": 4, "excluded_lines": 0, "percent_statements_covered": 0.0, "percent_statements_covered_display": "0"}, "missing_lines": [259, 260, 261, 262], "excluded_lines": [], "start_line": 257}, "WXWorkSender.__init__": {"executed_lines": [], "summary": {"covered_lines": 0, "num_statements": 2, "percent_covered": 0.0, "percent_covered_display": "0", "missing_lines": 2, "excluded_lines": 0, "percent_statements_covered": 0.0, "percent_statements_covered_display": "0"}, "missing_lines": [269, 270], "excluded_lines": [], "start_line": 268}, "WXWorkSender.initialize": {"executed_lines": [], "summary": {"covered_lines": 0, "num_statements": 1, "percent_covered": 0.0, "percent_covered_display": "0", "missing_lines": 1, "excluded_lines": 0, "percent_statements_covered": 0.0, "percent_statements_covered_display": "0"}, "missing_lines": [274], "excluded_lines": [], "start_line": 272}, "WXWorkSender.SendMsg": {"executed_lines": [], "summary": {"covered_lines": 0, "num_statements": 1, "percent_covered": 0.0, "percent_covered_display": "0", "missing_lines": 1, "excluded_lines": 0, "percent_statements_covered": 0.0, "percent_statements_covered_display": "0"}, "missing_lines": [278], "excluded_lines": [], "start_line": 276}, "": {"executed_lines": [], "summary": {"covered_lines": 0, "num_statements": 40, "percent_covered": 0.0, "percent_covered_display": "0", "missing_lines": 40, "excluded_lines": 0, "percent_statements_covered": 0.0, "percent_statements_covered_display": "0"}, "missing_lines": [7, 8, 9, 10, 11, 12, 13, 14, 15, 16, 17, 18, 19, 21, 23, 26, 40, 134, 190, 257, 265, 268, 272, 276, 280, 282, 283, 286, 287, 288, 290, 292, 294, 295, 296, 299, 300, 301, 303, 305], "excluded_lines": [], "start_line": 1}}, "classes": {"WXWorkSenderRobust": {"executed_lines": [], "summary": {"covered_lines": 0, "num_statements": 133, "percent_covered": 0.0, "percent_covered_display": "0", "missing_lines": 133, "excluded_lines": 0, "percent_statements_covered": 0.0, "percent_statements_covered_display": "0"}, "missing_lines": [28, 31, 34, 35, 38, 42, 43, 46, 47, 48, 49, 50, 51, 52, 57, 58, 59, 61, 62, 63, 66, 67, 70, 71, 72, 73, 74, 75, 76, 78, 84, 85, 87, 88, 90, 93, 96, 97, 100, 103, 104, 105, 106, 109, 110, 111, 112, 114, 115, 116, 119, 120, 123, 124, 125, 127, 128, 130, 131, 132, 136, 137, 140, 141, 142, 145, 146, 149, 150, 151, 154, 155, 156, 157, 160, 161, 162, 163, 165, 166, 167, 169, 170, 171, 172, 175, 176, 179, 180, 181, 182, 183, 184, 186, 187, 188, 192, 193, 194, 197, 198, 199, 200, 203, 204, 205, 208, 211, 214, 216, 219, 220, 223, 226, 229, 230, 231, 234, 237, 240, 243, 246, 247, 248, 250, 251, 253, 254, 255, 259, 260, 261, 262], "excluded_lines": [], "start_line": 23}, "WXWorkSender": {"executed_lines": [], "summary": {"covered_lines": 0, "num_statements": 4, "percent_covered": 0.0, "percent_covered_display": "0", "missing_lines": 4, "excluded_lines": 0, "percent_statements_covered": 0.0, "percent_statements_covered_display": "0"}, "missing_lines": [269, 270, 274, 278], "excluded_lines": [], "start_line": 265}, "": {"executed_lines": [], "summary": {"covered_lines": 0, "num_statements": 40, "percent_covered": 0.0, "percent_covered_display": "0", "missing_lines": 40, "excluded_lines": 0, "percent_statements_covered": 0.0, "percent_statements_covered_display": "0"}, "missing_lines": [7, 8, 9, 10, 11, 12, 13, 14, 15, 16, 17, 18, 19, 21, 23, 26, 40, 134, 190, 257, 265, 268, 272, 276, 280, 282, 283, 286, 287, 288, 290, 292, 294, 295, 296, 299, 300, 301, 303, 305], "excluded_lines": [], "start_line": 1}}}}, "totals": {"covered_lines": 2695, "num_statements": 9519, "percent_covered": 28.311797457716146, "percent_covered_display": "28", "missing_lines": 6824, "excluded_lines": 0, "percent_statements_covered": 28.311797457716146, "percent_statements_covered_display": "28"}}